Arguments: 
  /Users/yu/.nvm/versions/node/v16.7.0/bin/node /Users/yu/.nvm/versions/node/v16.7.0/bin/yarn global add @vue/cli

PATH: 
  /Users/yu/.nvm/versions/node/v16.7.0/bin:/opt/homebrew/bin:/opt/homebrew/sbin:/usr/local/bin:/usr/bin:/bin:/usr/sbin:/sbin:/Users/yu/.yarn/bin:/Users/yu/.config/yarn/global/node_modules/.bin

Yarn version: 
  1.22.17

Node version: 
  16.7.0

Platform: 
  darwin arm64

Trace: 
  Error: connect ECONNREFUSED 61.184.215.170:443
      at TCPConnectWrap.afterConnect [as oncomplete] (node:net:1146:16)

npm manifest: 
  {
    "dependencies": {
      "yrm": "^1.0.6"
    }
  }

yarn manifest: 
  No manifest

Lockfile: 
  # THIS IS AN AUTOGENERATED FILE. DO NOT EDIT THIS FILE DIRECTLY.
  # yarn lockfile v1
  
  
  abbrev@1:
    version "1.1.1"
    resolved "https://registry.nlark.com/abbrev/download/abbrev-1.1.1.tgz#f8f2c887ad10bf67f634f005b6987fed3179aac8"
    integrity sha1-+PLIh60Qv2f2NPAFtph/7TF5qsg=
  
  abbrev@~1.0.9:
    version "1.0.9"
    resolved "https://registry.nlark.com/abbrev/download/abbrev-1.0.9.tgz#91b4792588a7738c25f35dd6f63752a2f8776135"
    integrity sha1-kbR5JYinc4wl813W9jdSovh3YTU=
  
  ajv@^6.12.3:
    version "6.12.6"
    resolved "https://registry.nlark.com/ajv/download/ajv-6.12.6.tgz?cache=0&sync_timestamp=1631470871211&other_urls=https%3A%2F%2Fregistry.nlark.com%2Fajv%2Fdownload%2Fajv-6.12.6.tgz#baf5a62e802b07d977034586f8c3baf5adf26df4"
    integrity sha1-uvWmLoArB9l3A0WG+MO69a3ybfQ=
    dependencies:
      fast-deep-equal "^3.1.1"
      fast-json-stable-stringify "^2.0.0"
      json-schema-traverse "^0.4.1"
      uri-js "^4.2.2"
  
  ansi-regex@*:
    version "6.0.1"
    resolved "https://registry.nlark.com/ansi-regex/download/ansi-regex-6.0.1.tgz?cache=0&sync_timestamp=1631634988487&other_urls=https%3A%2F%2Fregistry.nlark.com%2Fansi-regex%2Fdownload%2Fansi-regex-6.0.1.tgz#3183e38fae9a65d7cb5e53945cd5897d0260a06a"
    integrity sha1-MYPjj66aZdfLXlOUXNWJfQJgoGo=
  
  ansi-regex@^2.0.0:
    version "2.1.1"
    resolved "https://registry.nlark.com/ansi-regex/download/ansi-regex-2.1.1.tgz?cache=0&sync_timestamp=1631634988487&other_urls=https%3A%2F%2Fregistry.nlark.com%2Fansi-regex%2Fdownload%2Fansi-regex-2.1.1.tgz#c3b33ab5ee360d86e0e628f0468ae7ef27d654df"
    integrity sha1-w7M6te42DYbg5ijwRorn7yfWVN8=
  
  ansi-regex@^5.0.1:
    version "5.0.1"
    resolved "https://registry.nlark.com/ansi-regex/download/ansi-regex-5.0.1.tgz?cache=0&sync_timestamp=1631634988487&other_urls=https%3A%2F%2Fregistry.nlark.com%2Fansi-regex%2Fdownload%2Fansi-regex-5.0.1.tgz#082cb2c89c9fe8659a311a53bd6a4dc5301db304"
    integrity sha1-CCyyyJyf6GWaMRpTvWpNxTAdswQ=
  
  ansi-styles@^2.2.1:
    version "2.2.1"
    resolved "https://registry.nlark.com/ansi-styles/download/ansi-styles-2.2.1.tgz#b432dd3358b634cf75e1e4664368240533c1ddbe"
    integrity sha1-tDLdM1i2NM914eRmQ2gkBTPB3b4=
  
  ansicolors@~0.3.2:
    version "0.3.2"
    resolved "https://registry.npm.taobao.org/ansicolors/download/ansicolors-0.3.2.tgz#665597de86a9ffe3aa9bfbe6cae5c6ea426b4979"
    integrity sha1-ZlWX3oap/+Oqm/vmyuXG6kJrSXk=
  
  ansistyles@~0.1.3:
    version "0.1.3"
    resolved "https://registry.npm.taobao.org/ansistyles/download/ansistyles-0.1.3.tgz#5de60415bda071bb37127854c864f41b23254539"
    integrity sha1-XeYEFb2gcbs3EnhUyGT0GyMlRTk=
  
  aproba@^1.0.3:
    version "1.2.0"
    resolved "https://registry.nlark.com/aproba/download/aproba-1.2.0.tgz#6802e6264efd18c790a1b0d517f0f2627bf2c94a"
    integrity sha1-aALmJk79GMeQobDVF/DyYnvyyUo=
  
  aproba@~1.0.4:
    version "1.0.4"
    resolved "https://registry.nlark.com/aproba/download/aproba-1.0.4.tgz#2713680775e7614c8ba186c065d4e2e52d1072c0"
    integrity sha1-JxNoB3XnYUyLoYbAZdTi5S0QcsA=
  
  archy@~1.0.0:
    version "1.0.0"
    resolved "https://registry.nlark.com/archy/download/archy-1.0.0.tgz#f9c8c13757cc1dd7bc379ac77b2c62a5c2868c40"
    integrity sha1-+cjBN1fMHde8N5rHeyxipcKGjEA=
  
  are-we-there-yet@~1.1.2:
    version "1.1.7"
    resolved "https://registry.nlark.com/are-we-there-yet/download/are-we-there-yet-1.1.7.tgz?cache=0&sync_timestamp=1630592961858&other_urls=https%3A%2F%2Fregistry.nlark.com%2Fare-we-there-yet%2Fdownload%2Fare-we-there-yet-1.1.7.tgz#b15474a932adab4ff8a50d9adfa7e4e926f21146"
    integrity sha1-sVR0qTKtq0/4pQ2a36fk6SbyEUY=
    dependencies:
      delegates "^1.0.0"
      readable-stream "^2.0.6"
  
  array-index@^1.0.0:
    version "1.0.0"
    resolved "https://registry.npm.taobao.org/array-index/download/array-index-1.0.0.tgz#ec56a749ee103e4e08c790b9c353df16055b97f9"
    integrity sha1-7FanSe4QPk4Ix5C5w1PfFgVbl/k=
    dependencies:
      debug "^2.2.0"
      es6-symbol "^3.0.2"
  
  asap@^2.0.0, asap@~2.0.5:
    version "2.0.6"
    resolved "https://registry.nlark.com/asap/download/asap-2.0.6.tgz#e50347611d7e690943208bbdafebcbc2fb866d46"
    integrity sha1-5QNHYR1+aQlDIIu9r+vLwvuGbUY=
  
  asn1@~0.2.3:
    version "0.2.4"
    resolved "https://registry.npm.taobao.org/asn1/download/asn1-0.2.4.tgz#8d2475dfab553bb33e77b54e59e880bb8ce23136"
    integrity sha1-jSR136tVO7M+d7VOWeiAu4ziMTY=
    dependencies:
      safer-buffer "~2.1.0"
  
  assert-plus@1.0.0, assert-plus@^1.0.0:
    version "1.0.0"
    resolved "https://registry.nlark.com/assert-plus/download/assert-plus-1.0.0.tgz#f12e0f3c5d77b0b1cdd9146942e4e96c1e4dd525"
    integrity sha1-8S4PPF13sLHN2RRpQuTpbB5N1SU=
  
  assert-plus@^0.2.0:
    version "0.2.0"
    resolved "https://registry.nlark.com/assert-plus/download/assert-plus-0.2.0.tgz#d74e1b87e7affc0db8aadb7021f3fe48101ab234"
    integrity sha1-104bh+ev/A24qttwIfP+SBAasjQ=
  
  async@^1.5.2:
    version "1.5.2"
    resolved "https://registry.nlark.com/async/download/async-1.5.2.tgz?cache=0&other_urls=https%3A%2F%2Fregistry.nlark.com%2Fasync%2Fdownload%2Fasync-1.5.2.tgz#ec6a61ae56480c0c3cb241c95618e20892f9672a"
    integrity sha1-7GphrlZIDAw8skHJVhjiCJL5Zyo=
  
  asynckit@^0.4.0:
    version "0.4.0"
    resolved "https://registry.nlark.com/asynckit/download/asynckit-0.4.0.tgz#c79ed97f7f34cb8f2ba1bc9790bcc366474b4b79"
    integrity sha1-x57Zf380y48robyXkLzDZkdLS3k=
  
  aws-sign2@~0.6.0:
    version "0.6.0"
    resolved "https://registry.nlark.com/aws-sign2/download/aws-sign2-0.6.0.tgz#14342dd38dbcc94d0e5b87d763cd63612c0e794f"
    integrity sha1-FDQt0428yU0OW4fXY81jYSwOeU8=
  
  aws-sign2@~0.7.0:
    version "0.7.0"
    resolved "https://registry.nlark.com/aws-sign2/download/aws-sign2-0.7.0.tgz#b46e890934a9591f2d2f6f86d7e6a9f1b3fe76a8"
    integrity sha1-tG6JCTSpWR8tL2+G1+ap8bP+dqg=
  
  aws4@^1.2.1, aws4@^1.8.0:
    version "1.11.0"
    resolved "https://registry.nlark.com/aws4/download/aws4-1.11.0.tgz#d61f46d83b2519250e2784daf5b09479a8b41c59"
    integrity sha1-1h9G2DslGSUOJ4Ta9bCUeai0HFk=
  
  balanced-match@^1.0.0:
    version "1.0.2"
    resolved "https://registry.npm.taobao.org/balanced-match/download/balanced-match-1.0.2.tgz#e83e3a7e3f300b34cb9d87f615fa0cbf357690ee"
    integrity sha1-6D46fj8wCzTLnYf2FfoMvzV2kO4=
  
  bcrypt-pbkdf@^1.0.0:
    version "1.0.2"
    resolved "https://registry.npm.taobao.org/bcrypt-pbkdf/download/bcrypt-pbkdf-1.0.2.tgz#a4301d389b6a43f9b67ff3ca11a3f6637e360e9e"
    integrity sha1-pDAdOJtqQ/m2f/PKEaP2Y342Dp4=
    dependencies:
      tweetnacl "^0.14.3"
  
  bl@~1.1.2:
    version "1.1.2"
    resolved "https://registry.nlark.com/bl/download/bl-1.1.2.tgz#fdca871a99713aa00d19e3bbba41c44787a65398"
    integrity sha1-/cqHGplxOqANGeO7ukHER4emU5g=
    dependencies:
      readable-stream "~2.0.5"
  
  block-stream@*:
    version "0.0.9"
    resolved "https://registry.nlark.com/block-stream/download/block-stream-0.0.9.tgz#13ebfe778a03205cfe03751481ebb4b3300c126a"
    integrity sha1-E+v+d4oDIFz+A3UUgeu0szAMEmo=
    dependencies:
      inherits "~2.0.0"
  
  boom@2.x.x:
    version "2.10.1"
    resolved "https://registry.nlark.com/boom/download/boom-2.10.1.tgz#39c8918ceff5799f83f9492a848f625add0c766f"
    integrity sha1-OciRjO/1eZ+D+UkqhI9iWt0Mdm8=
    dependencies:
      hoek "2.x.x"
  
  brace-expansion@^1.1.7:
    version "1.1.11"
    resolved "https://registry.npm.taobao.org/brace-expansion/download/brace-expansion-1.1.11.tgz#3c7fcbf529d87226f3d2f52b966ff5271eb441dd"
    integrity sha1-PH/L9SnYcibz0vUrlm/1Jx60Qd0=
    dependencies:
      balanced-match "^1.0.0"
      concat-map "0.0.1"
  
  buffer-from@^1.0.0:
    version "1.1.2"
    resolved "https://registry.nlark.com/buffer-from/download/buffer-from-1.1.2.tgz#2b146a6fd72e80b4f55d255f35ed59a3a9a41bd5"
    integrity sha1-KxRqb9cugLT1XSVfNe1Zo6mkG9U=
  
  buffer-shims@^1.0.0:
    version "1.0.0"
    resolved "https://registry.npm.taobao.org/buffer-shims/download/buffer-shims-1.0.0.tgz#9978ce317388c649ad8793028c3477ef044a8b51"
    integrity sha1-mXjOMXOIxkmth5MCjDR37wRKi1E=
  
  builtin-modules@^1.0.0:
    version "1.1.1"
    resolved "https://registry.nlark.com/builtin-modules/download/builtin-modules-1.1.1.tgz#270f076c5a72c02f5b65a47df94c5fe3a278892f"
    integrity sha1-Jw8HbFpywC9bZaR9+Uxf46J4iS8=
  
  builtins@0.0.7:
    version "0.0.7"
    resolved "https://registry.nlark.com/builtins/download/builtins-0.0.7.tgz#355219cd6cf18dbe7c01cc7fd2dce765cfdc549a"
    integrity sha1-NVIZzWzxjb58Acx/0tznZc/cVJo=
  
  builtins@^1.0.3:
    version "1.0.3"
    resolved "https://registry.nlark.com/builtins/download/builtins-1.0.3.tgz#cb94faeb61c8696451db36534e1422f94f0aee88"
    integrity sha1-y5T662HIaWRR2zZTThQi+U8K7og=
  
  caseless@~0.11.0:
    version "0.11.0"
    resolved "https://registry.npm.taobao.org/caseless/download/caseless-0.11.0.tgz#715b96ea9841593cc33067923f5ec60ebda4f7d7"
    integrity sha1-cVuW6phBWTzDMGeSP17GDr2k99c=
  
  caseless@~0.12.0:
    version "0.12.0"
    resolved "https://registry.npm.taobao.org/caseless/download/caseless-0.12.0.tgz#1b681c21ff84033c826543090689420d187151dc"
    integrity sha1-G2gcIf+EAzyCZUMJBolCDRhxUdw=
  
  chalk@^1.1.1:
    version "1.1.3"
    resolved "https://registry.nlark.com/chalk/download/chalk-1.1.3.tgz?cache=0&sync_timestamp=1627646697260&other_urls=https%3A%2F%2Fregistry.nlark.com%2Fchalk%2Fdownload%2Fchalk-1.1.3.tgz#a8115c55e4a702fe4d150abd3872822a7e09fc98"
    integrity sha1-qBFcVeSnAv5NFQq9OHKCKn4J/Jg=
    dependencies:
      ansi-styles "^2.2.1"
      escape-string-regexp "^1.0.2"
      has-ansi "^2.0.0"
      strip-ansi "^3.0.0"
      supports-color "^2.0.0"
  
  chownr@~1.0.1:
    version "1.0.1"
    resolved "https://registry.nlark.com/chownr/download/chownr-1.0.1.tgz#e2a75042a9551908bebd25b8523d5f9769d79181"
    integrity sha1-4qdQQqlVGQi+vSW4Uj1fl2nXkYE=
  
  clone@^1.0.2:
    version "1.0.4"
    resolved "https://registry.nlark.com/clone/download/clone-1.0.4.tgz#da309cc263df15994c688ca902179ca3c7cd7c7e"
    integrity sha1-2jCcwmPfFZlMaIypAheco8fNfH4=
  
  cmd-shim@~2.0.2:
    version "2.0.2"
    resolved "https://registry.nlark.com/cmd-shim/download/cmd-shim-2.0.2.tgz#6fcbda99483a8fd15d7d30a196ca69d688a2efdb"
    integrity sha1-b8vamUg6j9FdfTChlspp1oii79s=
    dependencies:
      graceful-fs "^4.1.2"
      mkdirp "~0.5.0"
  
  code-point-at@^1.0.0:
    version "1.1.0"
    resolved "https://registry.npmmirror.com/code-point-at/download/code-point-at-1.1.0.tgz#0d070b4d043a5bea33a2f1a40e2edb3d9a4ccf77"
    integrity sha1-DQcLTQQ6W+ozovGkDi7bPZpMz3c=
  
  coffee-script@^1.7.1:
    version "1.12.7"
    resolved "https://registry.nlark.com/coffee-script/download/coffee-script-1.12.7.tgz#c05dae0cb79591d05b3070a8433a98c9a89ccc53"
    integrity sha1-wF2uDLeVkdBbMHCoQzqYyaiczFM=
  
  coffee-script@~1.7.1:
    version "1.7.1"
    resolved "https://registry.nlark.com/coffee-script/download/coffee-script-1.7.1.tgz#62996a861780c75e6d5069d13822723b73404bfc"
    integrity sha1-YplqhheAx15tUGnROCJyO3NAS/w=
    dependencies:
      mkdirp "~0.3.5"
  
  columnify@~1.5.4:
    version "1.5.4"
    resolved "https://registry.nlark.com/columnify/download/columnify-1.5.4.tgz#4737ddf1c7b69a8a7c340570782e947eec8e78bb"
    integrity sha1-Rzfd8ce2mop8NAVweC6UfuyOeLs=
    dependencies:
      strip-ansi "^3.0.0"
      wcwidth "^1.0.0"
  
  combined-stream@^1.0.5, combined-stream@^1.0.6, combined-stream@~1.0.5, combined-stream@~1.0.6:
    version "1.0.8"
    resolved "https://registry.npm.taobao.org/combined-stream/download/combined-stream-1.0.8.tgz#c3d45a8b34fd730631a110a8a2520682b31d5a7f"
    integrity sha1-w9RaizT9cwYxoRCoolIGgrMdWn8=
    dependencies:
      delayed-stream "~1.0.0"
  
  commander@^2.9.0:
    version "2.20.3"
    resolved "https://registry.npmmirror.com/commander/download/commander-2.20.3.tgz?cache=0&sync_timestamp=1634886396986&other_urls=https%3A%2F%2Fregistry.npmmirror.com%2Fcommander%2Fdownload%2Fcommander-2.20.3.tgz#fd485e84c03eb4881c20722ba48035e8531aeb33"
    integrity sha1-/UhehMA+tIgcIHIrpIA16FMa6zM=
  
  concat-map@0.0.1:
    version "0.0.1"
    resolved "https://registry.nlark.com/concat-map/download/concat-map-0.0.1.tgz#d8a96bd77fd68df7793a73036a3ba0d5405d477b"
    integrity sha1-2Klr13/Wjfd5OnMDajug1UBdR3s=
  
  concat-stream@^1.5.2:
    version "1.6.2"
    resolved "https://registry.nlark.com/concat-stream/download/concat-stream-1.6.2.tgz#904bdf194cd3122fc675c77fc4ac3d4ff0fd1a34"
    integrity sha1-kEvfGUzTEi/Gdcd/xKw9T/D9GjQ=
    dependencies:
      buffer-from "^1.0.0"
      inherits "^2.0.3"
      readable-stream "^2.2.2"
      typedarray "^0.0.6"
  
  config-chain@~1.1.11:
    version "1.1.13"
    resolved "https://registry.nlark.com/config-chain/download/config-chain-1.1.13.tgz#fad0795aa6a6cdaff9ed1b68e9dff94372c232f4"
    integrity sha1-+tB5Wqamza/57Rto6d/5Q3LCMvQ=
    dependencies:
      ini "^1.3.4"
      proto-list "~1.2.1"
  
  console-control-strings@^1.0.0, console-control-strings@~1.1.0:
    version "1.1.0"
    resolved "https://registry.nlark.com/console-control-strings/download/console-control-strings-1.1.0.tgz#3d7cf4464db6446ea644bf4b39507f9851008e8e"
    integrity sha1-PXz0Rk22RG6mRL9LOVB/mFEAjo4=
  
  core-util-is@1.0.2:
    version "1.0.2"
    resolved "https://registry.nlark.com/core-util-is/download/core-util-is-1.0.2.tgz?cache=0&sync_timestamp=1630420570787&other_urls=https%3A%2F%2Fregistry.nlark.com%2Fcore-util-is%2Fdownload%2Fcore-util-is-1.0.2.tgz#b5fd54220aa2bc5ab57aab7140c940754503c1a7"
    integrity sha1-tf1UIgqivFq1eqtxQMlAdUUDwac=
  
  core-util-is@~1.0.0:
    version "1.0.3"
    resolved "https://registry.nlark.com/core-util-is/download/core-util-is-1.0.3.tgz?cache=0&sync_timestamp=1630420570787&other_urls=https%3A%2F%2Fregistry.nlark.com%2Fcore-util-is%2Fdownload%2Fcore-util-is-1.0.3.tgz#a6042d3634c2b27e9328f837b965fac83808db85"
    integrity sha1-pgQtNjTCsn6TKPg3uWX6yDgI24U=
  
  cryptiles@2.x.x:
    version "2.0.5"
    resolved "https://registry.nlark.com/cryptiles/download/cryptiles-2.0.5.tgz#3bdfecdc608147c1c67202fa291e7dca59eaa3b8"
    integrity sha1-O9/s3GCBR8HGcgL6KR59ylnqo7g=
    dependencies:
      boom "2.x.x"
  
  d@1, d@^1.0.1:
    version "1.0.1"
    resolved "https://registry.nlark.com/d/download/d-1.0.1.tgz#8698095372d58dbee346ffd0c7093f99f8f9eb5a"
    integrity sha1-hpgJU3LVjb7jRv/Qxwk/mfj561o=
    dependencies:
      es5-ext "^0.10.50"
      type "^1.0.1"
  
  dashdash@^1.12.0:
    version "1.14.1"
    resolved "https://registry.nlark.com/dashdash/download/dashdash-1.14.1.tgz#853cfa0f7cbe2fed5de20326b8dd581035f6e2f0"
    integrity sha1-hTz6D3y+L+1d4gMmuN1YEDX24vA=
    dependencies:
      assert-plus "^1.0.0"
  
  debug@^2.2.0:
    version "2.6.9"
    resolved "https://registry.nlark.com/debug/download/debug-2.6.9.tgz?cache=0&sync_timestamp=1625374648057&other_urls=https%3A%2F%2Fregistry.nlark.com%2Fdebug%2Fdownload%2Fdebug-2.6.9.tgz#5d128515df134ff327e90a4c93f4e077a536341f"
    integrity sha1-XRKFFd8TT/Mn6QpMk/Tgd6U2NB8=
    dependencies:
      ms "2.0.0"
  
  debuglog@*, debuglog@^1.0.1:
    version "1.0.1"
    resolved "https://registry.nlark.com/debuglog/download/debuglog-1.0.1.tgz#aa24ffb9ac3df9a2351837cfb2d279360cd78492"
    integrity sha1-qiT/uaw9+aI1GDfPstJ5NgzXhJI=
  
  defaults@^1.0.3:
    version "1.0.3"
    resolved "https://registry.npm.taobao.org/defaults/download/defaults-1.0.3.tgz#c656051e9817d9ff08ed881477f3fe4019f3ef7d"
    integrity sha1-xlYFHpgX2f8I7YgUd/P+QBnz730=
    dependencies:
      clone "^1.0.2"
  
  delayed-stream@~1.0.0:
    version "1.0.0"
    resolved "https://registry.npm.taobao.org/delayed-stream/download/delayed-stream-1.0.0.tgz#df3ae199acadfb7d440aaae0b29e2272b24ec619"
    integrity sha1-3zrhmayt+31ECqrgsp4icrJOxhk=
  
  delegates@^1.0.0:
    version "1.0.0"
    resolved "https://registry.npm.taobao.org/delegates/download/delegates-1.0.0.tgz#84c6e159b81904fdca59a0ef44cd870d31250f9a"
    integrity sha1-hMbhWbgZBP3KWaDvRM2HDTElD5o=
  
  dezalgo@^1.0.0, dezalgo@^1.0.1, dezalgo@~1.0.3:
    version "1.0.3"
    resolved "https://registry.npm.taobao.org/dezalgo/download/dezalgo-1.0.3.tgz#7f742de066fc748bc8db820569dddce49bf0d456"
    integrity sha1-f3Qt4Gb8dIvI24IFad3c5Jvw1FY=
    dependencies:
      asap "^2.0.0"
      wrappy "1"
  
  ecc-jsbn@~0.1.1:
    version "0.1.2"
    resolved "https://registry.nlark.com/ecc-jsbn/download/ecc-jsbn-0.1.2.tgz#3a83a904e54353287874c564b7549386849a98c9"
    integrity sha1-OoOpBOVDUyh4dMVkt1SThoSamMk=
    dependencies:
      jsbn "~0.1.0"
      safer-buffer "^2.1.0"
  
  editor@~1.0.0:
    version "1.0.0"
    resolved "https://registry.nlark.com/editor/download/editor-1.0.0.tgz#60c7f87bd62bcc6a894fa8ccd6afb7823a24f742"
    integrity sha1-YMf4e9YrzGqJT6jM1q+3gjok90I=
  
  emoji-regex@^8.0.0:
    version "8.0.0"
    resolved "https://registry.npmmirror.com/emoji-regex/download/emoji-regex-8.0.0.tgz?cache=0&sync_timestamp=1632751408145&other_urls=https%3A%2F%2Fregistry.npmmirror.com%2Femoji-regex%2Fdownload%2Femoji-regex-8.0.0.tgz#e818fd69ce5ccfcb404594f842963bf53164cc37"
    integrity sha1-6Bj9ac5cz8tARZT4QpY79TFkzDc=
  
  es5-ext@^0.10.35, es5-ext@^0.10.50:
    version "0.10.53"
    resolved "https://registry.nlark.com/es5-ext/download/es5-ext-0.10.53.tgz#93c5a3acfdbef275220ad72644ad02ee18368de1"
    integrity sha1-k8WjrP2+8nUiCtcmRK0C7hg2jeE=
    dependencies:
      es6-iterator "~2.0.3"
      es6-symbol "~3.1.3"
      next-tick "~1.0.0"
  
  es6-iterator@~2.0.3:
    version "2.0.3"
    resolved "https://registry.nlark.com/es6-iterator/download/es6-iterator-2.0.3.tgz#a7de889141a05a94b0854403b2d0a0fbfa98f3b7"
    integrity sha1-p96IkUGgWpSwhUQDstCg+/qY87c=
    dependencies:
      d "1"
      es5-ext "^0.10.35"
      es6-symbol "^3.1.1"
  
  es6-symbol@^3.0.2, es6-symbol@^3.1.1, es6-symbol@~3.1.3:
    version "3.1.3"
    resolved "https://registry.npm.taobao.org/es6-symbol/download/es6-symbol-3.1.3.tgz#bad5d3c1bcdac28269f4cb331e431c78ac705d18"
    integrity sha1-utXTwbzawoJp9MszHkMceKxwXRg=
    dependencies:
      d "^1.0.1"
      ext "^1.1.2"
  
  escape-string-regexp@^1.0.2:
    version "1.0.5"
    resolved "https://registry.nlark.com/escape-string-regexp/download/escape-string-regexp-1.0.5.tgz#1b61c0562190a8dff6ae3bb2cf0200ca130b86d4"
    integrity sha1-G2HAViGQqN/2rjuyzwIAyhMLhtQ=
  
  ext@^1.1.2:
    version "1.6.0"
    resolved "https://registry.npmmirror.com/ext/download/ext-1.6.0.tgz?cache=0&other_urls=https%3A%2F%2Fregistry.npmmirror.com%2Fext%2Fdownload%2Fext-1.6.0.tgz#3871d50641e874cc172e2b53f919842d19db4c52"
    integrity sha1-OHHVBkHodMwXLitT+RmELRnbTFI=
    dependencies:
      type "^2.5.0"
  
  extend@^3.0.0, extend@~3.0.0, extend@~3.0.2:
    version "3.0.2"
    resolved "https://registry.npm.taobao.org/extend/download/extend-3.0.2.tgz#f8b1136b4071fbd8eb140aff858b1019ec2915fa"
    integrity sha1-+LETa0Bx+9jrFAr/hYsQGewpFfo=
  
  extsprintf@1.3.0:
    version "1.3.0"
    resolved "https://registry.npm.taobao.org/extsprintf/download/extsprintf-1.3.0.tgz#96918440e3041a7a414f8c52e3c574eb3c3e1e05"
    integrity sha1-lpGEQOMEGnpBT4xS48V06zw+HgU=
  
  extsprintf@^1.2.0:
    version "1.4.0"
    resolved "https://registry.npm.taobao.org/extsprintf/download/extsprintf-1.4.0.tgz#e2689f8f356fad62cca65a3a91c5df5f9551692f"
    integrity sha1-4mifjzVvrWLMplo6kcXfX5VRaS8=
  
  fast-deep-equal@^3.1.1:
    version "3.1.3"
    resolved "https://registry.nlark.com/fast-deep-equal/download/fast-deep-equal-3.1.3.tgz#3a7d56b559d6cbc3eb512325244e619a65c6c525"
    integrity sha1-On1WtVnWy8PrUSMlJE5hmmXGxSU=
  
  fast-json-stable-stringify@^2.0.0:
    version "2.1.0"
    resolved "https://registry.npm.taobao.org/fast-json-stable-stringify/download/fast-json-stable-stringify-2.1.0.tgz#874bf69c6f404c2b5d99c481341399fd55892633"
    integrity sha1-h0v2nG9ATCtdmcSBNBOZ/VWJJjM=
  
  forever-agent@~0.6.1:
    version "0.6.1"
    resolved "https://registry.nlark.com/forever-agent/download/forever-agent-0.6.1.tgz#fbc71f0c41adeb37f96c577ad1ed42d8fdacca91"
    integrity sha1-+8cfDEGt6zf5bFd60e1C2P2sypE=
  
  form-data@~2.0.0:
    version "2.0.0"
    resolved "https://registry.npm.taobao.org/form-data/download/form-data-2.0.0.tgz#6f0aebadcc5da16c13e1ecc11137d85f9b883b25"
    integrity sha1-bwrrrcxdoWwT4ezBETfYX5uIOyU=
    dependencies:
      asynckit "^0.4.0"
      combined-stream "^1.0.5"
      mime-types "^2.1.11"
  
  form-data@~2.3.2:
    version "2.3.3"
    resolved "https://registry.npm.taobao.org/form-data/download/form-data-2.3.3.tgz#dcce52c05f644f298c6a7ab936bd724ceffbf3a6"
    integrity sha1-3M5SwF9kTymManq5Nr1yTO/786Y=
    dependencies:
      asynckit "^0.4.0"
      combined-stream "^1.0.6"
      mime-types "^2.1.12"
  
  fs-vacuum@~1.2.9:
    version "1.2.10"
    resolved "https://registry.npm.taobao.org/fs-vacuum/download/fs-vacuum-1.2.10.tgz#b7629bec07a4031a2548fdf99f5ecf1cc8b31e36"
    integrity sha1-t2Kb7AekAxolSP35n17PHMizHjY=
    dependencies:
      graceful-fs "^4.1.2"
      path-is-inside "^1.0.1"
      rimraf "^2.5.2"
  
  fs-write-stream-atomic@~1.0.8:
    version "1.0.10"
    resolved "https://registry.npm.taobao.org/fs-write-stream-atomic/download/fs-write-stream-atomic-1.0.10.tgz#b47df53493ef911df75731e70a9ded0189db40c9"
    integrity sha1-tH31NJPvkR33VzHnCp3tAYnbQMk=
    dependencies:
      graceful-fs "^4.1.2"
      iferr "^0.1.5"
      imurmurhash "^0.1.4"
      readable-stream "1 || 2"
  
  fs.realpath@^1.0.0:
    version "1.0.0"
    resolved "https://registry.nlark.com/fs.realpath/download/fs.realpath-1.0.0.tgz#1504ad2523158caa40db4a2787cb01411994ea4f"
    integrity sha1-FQStJSMVjKpA20onh8sBQRmU6k8=
  
  fstream-ignore@^1.0.0:
    version "1.0.5"
    resolved "https://registry.nlark.com/fstream-ignore/download/fstream-ignore-1.0.5.tgz#9c31dae34767018fe1d249b24dada67d092da105"
    integrity sha1-nDHa40dnAY/h0kmyTa2mfQktoQU=
    dependencies:
      fstream "^1.0.0"
      inherits "2"
      minimatch "^3.0.0"
  
  fstream-npm@~1.2.0:
    version "1.2.1"
    resolved "https://registry.npm.taobao.org/fstream-npm/download/fstream-npm-1.2.1.tgz#08c4a452f789dcbac4c89a4563c902b2c862fd5b"
    integrity sha1-CMSkUveJ3LrEyJpFY8kCsshi/Vs=
    dependencies:
      fstream-ignore "^1.0.0"
      inherits "2"
  
  fstream@^1.0.0, fstream@^1.0.12, fstream@~1.0.10:
    version "1.0.12"
    resolved "https://registry.npm.taobao.org/fstream/download/fstream-1.0.12.tgz#4e8ba8ee2d48be4f7d0de505455548eae5932045"
    integrity sha1-Touo7i1Ivk99DeUFRVVI6uWTIEU=
    dependencies:
      graceful-fs "^4.1.2"
      inherits "~2.0.0"
      mkdirp ">=0.5 0"
      rimraf "2"
  
  function-bind@^1.1.1:
    version "1.1.1"
    resolved "https://registry.nlark.com/function-bind/download/function-bind-1.1.1.tgz#a56899d3ea3c9bab874bb9773b7c5ede92f4895d"
    integrity sha1-pWiZ0+o8m6uHS7l3O3xe3pL0iV0=
  
  gauge@~2.6.0:
    version "2.6.0"
    resolved "https://registry.nlark.com/gauge/download/gauge-2.6.0.tgz?cache=0&other_urls=https%3A%2F%2Fregistry.nlark.com%2Fgauge%2Fdownload%2Fgauge-2.6.0.tgz#d35301ad18e96902b4751dcbbe40f4218b942a46"
    integrity sha1-01MBrRjpaQK0dR3LvkD0IYuUKkY=
    dependencies:
      aproba "^1.0.3"
      console-control-strings "^1.0.0"
      has-color "^0.1.7"
      has-unicode "^2.0.0"
      object-assign "^4.1.0"
      signal-exit "^3.0.0"
      string-width "^1.0.1"
      strip-ansi "^3.0.1"
      wide-align "^1.1.0"
  
  gauge@~2.7.1:
    version "2.7.4"
    resolved "https://registry.nlark.com/gauge/download/gauge-2.7.4.tgz?cache=0&other_urls=https%3A%2F%2Fregistry.nlark.com%2Fgauge%2Fdownload%2Fgauge-2.7.4.tgz#2c03405c7538c39d7eb37b317022e325fb018bf7"
    integrity sha1-LANAXHU4w51+s3sxcCLjJfsBi/c=
    dependencies:
      aproba "^1.0.3"
      console-control-strings "^1.0.0"
      has-unicode "^2.0.0"
      object-assign "^4.1.0"
      signal-exit "^3.0.0"
      string-width "^1.0.1"
      strip-ansi "^3.0.1"
      wide-align "^1.1.0"
  
  generate-function@^2.0.0:
    version "2.3.1"
    resolved "https://registry.npm.taobao.org/generate-function/download/generate-function-2.3.1.tgz#f069617690c10c868e73b8465746764f97c3479f"
    integrity sha1-8GlhdpDBDIaOc7hGV0Z2T5fDR58=
    dependencies:
      is-property "^1.0.2"
  
  generate-object-property@^1.1.0:
    version "1.2.0"
    resolved "https://registry.npm.taobao.org/generate-object-property/download/generate-object-property-1.2.0.tgz#9c0e1c40308ce804f4783618b937fa88f99d50d0"
    integrity sha1-nA4cQDCM6AT0eDYYuTf6iPmdUNA=
    dependencies:
      is-property "^1.0.0"
  
  getpass@^0.1.1:
    version "0.1.7"
    resolved "https://registry.nlark.com/getpass/download/getpass-0.1.7.tgz#5eff8e3e684d569ae4cb2b1282604e8ba62149fa"
    integrity sha1-Xv+OPmhNVprkyysSgmBOi6YhSfo=
    dependencies:
      assert-plus "^1.0.0"
  
  glob@^7.0.3, glob@^7.0.5, glob@^7.1.1, glob@^7.1.3:
    version "7.2.0"
    resolved "https://registry.npmmirror.com/glob/download/glob-7.2.0.tgz#d15535af7732e02e948f4c41628bd910293f6023"
    integrity sha1-0VU1r3cy4C6Uj0xBYovZECk/YCM=
    dependencies:
      fs.realpath "^1.0.0"
      inflight "^1.0.4"
      inherits "2"
      minimatch "^3.0.4"
      once "^1.3.0"
      path-is-absolute "^1.0.0"
  
  glob@~7.1.0:
    version "7.1.7"
    resolved "https://registry.npmmirror.com/glob/download/glob-7.1.7.tgz#3b193e9233f01d42d0b3f78294bbeeb418f94a90"
    integrity sha1-Oxk+kjPwHULQs/eClLvutBj5SpA=
    dependencies:
      fs.realpath "^1.0.0"
      inflight "^1.0.4"
      inherits "2"
      minimatch "^3.0.4"
      once "^1.3.0"
      path-is-absolute "^1.0.0"
  
  graceful-fs@^4.1.2, graceful-fs@^4.1.6:
    version "4.2.8"
    resolved "https://registry.nlark.com/graceful-fs/download/graceful-fs-4.2.8.tgz#e412b8d33f5e006593cbd3cee6df9f2cebbe802a"
    integrity sha1-5BK40z9eAGWTy9PO5t+fLOu+gCo=
  
  graceful-fs@~4.1.9:
    version "4.1.15"
    resolved "https://registry.nlark.com/graceful-fs/download/graceful-fs-4.1.15.tgz#ffb703e1066e8a0eeaa4c8b80ba9253eeefbfb00"
    integrity sha1-/7cD4QZuig7qpMi4C6klPu77+wA=
  
  har-schema@^2.0.0:
    version "2.0.0"
    resolved "https://registry.nlark.com/har-schema/download/har-schema-2.0.0.tgz#a94c2224ebcac04782a0d9035521f24735b7ec92"
    integrity sha1-qUwiJOvKwEeCoNkDVSHyRzW37JI=
  
  har-validator@~2.0.6:
    version "2.0.6"
    resolved "https://registry.nlark.com/har-validator/download/har-validator-2.0.6.tgz#cdcbc08188265ad119b6a5a7c8ab70eecfb5d27d"
    integrity sha1-zcvAgYgmWtEZtqWnyKtw7s+10n0=
    dependencies:
      chalk "^1.1.1"
      commander "^2.9.0"
      is-my-json-valid "^2.12.4"
      pinkie-promise "^2.0.0"
  
  har-validator@~5.1.3:
    version "5.1.5"
    resolved "https://registry.nlark.com/har-validator/download/har-validator-5.1.5.tgz#1f0803b9f8cb20c0fa13822df1ecddb36bde1efd"
    integrity sha1-HwgDufjLIMD6E4It8ezds2veHv0=
    dependencies:
      ajv "^6.12.3"
      har-schema "^2.0.0"
  
  has-ansi@^2.0.0:
    version "2.0.0"
    resolved "https://registry.nlark.com/has-ansi/download/has-ansi-2.0.0.tgz?cache=0&sync_timestamp=1631556755105&other_urls=https%3A%2F%2Fregistry.nlark.com%2Fhas-ansi%2Fdownload%2Fhas-ansi-2.0.0.tgz#34f5049ce1ecdf2b0649af3ef24e45ed35416d91"
    integrity sha1-NPUEnOHs3ysGSa8+8k5F7TVBbZE=
    dependencies:
      ansi-regex "^2.0.0"
  
  has-color@^0.1.7:
    version "0.1.7"
    resolved "https://registry.nlark.com/has-color/download/has-color-0.1.7.tgz#67144a5260c34fc3cca677d041daf52fe7b78b2f"
    integrity sha1-ZxRKUmDDT8PMpnfQQdr1L+e3iy8=
  
  has-unicode@^2.0.0, has-unicode@~2.0.1:
    version "2.0.1"
    resolved "https://registry.nlark.com/has-unicode/download/has-unicode-2.0.1.tgz#e0e6fe6a28cf51138855e086d1691e771de2a8b9"
    integrity sha1-4Ob+aijPUROIVeCG0Wkedx3iqLk=
  
  has@^1.0.3:
    version "1.0.3"
    resolved "https://registry.nlark.com/has/download/has-1.0.3.tgz#722d7cbfc1f6aa8241f16dd814e011e1f41e8796"
    integrity sha1-ci18v8H2qoJB8W3YFOAR4fQeh5Y=
    dependencies:
      function-bind "^1.1.1"
  
  hawk@~3.1.3:
    version "3.1.3"
    resolved "https://registry.npm.taobao.org/hawk/download/hawk-3.1.3.tgz#078444bd7c1640b0fe540d2c9b73d59678e8e1c4"
    integrity sha1-B4REvXwWQLD+VA0sm3PVlnjo4cQ=
    dependencies:
      boom "2.x.x"
      cryptiles "2.x.x"
      hoek "2.x.x"
      sntp "1.x.x"
  
  hoek@2.x.x:
    version "2.16.3"
    resolved "https://registry.npm.taobao.org/hoek/download/hoek-2.16.3.tgz#20bb7403d3cea398e91dc4710a8ff1b8274a25ed"
    integrity sha1-ILt0A9POo5jpHcRxCo/xuCdKJe0=
  
  hosted-git-info@^2.1.4, hosted-git-info@^2.1.5, hosted-git-info@^2.4.2:
    version "2.8.9"
    resolved "https://registry.npm.taobao.org/hosted-git-info/download/hosted-git-info-2.8.9.tgz#dffc0bf9a21c02209090f2aa69429e1414daf3f9"
    integrity sha1-3/wL+aIcAiCQkPKqaUKeFBTa8/k=
  
  hosted-git-info@~2.1.5:
    version "2.1.5"
    resolved "https://registry.npm.taobao.org/hosted-git-info/download/hosted-git-info-2.1.5.tgz#0ba81d90da2e25ab34a332e6ec77936e1598118b"
    integrity sha1-C6gdkNouJas0ozLm7HeTbhWYEYs=
  
  http-signature@~1.1.0:
    version "1.1.1"
    resolved "https://registry.npm.taobao.org/http-signature/download/http-signature-1.1.1.tgz#df72e267066cd0ac67fb76adf8e134a8fbcf91bf"
    integrity sha1-33LiZwZs0Kxn+3at+OE0qPvPkb8=
    dependencies:
      assert-plus "^0.2.0"
      jsprim "^1.2.2"
      sshpk "^1.7.0"
  
  http-signature@~1.2.0:
    version "1.2.0"
    resolved "https://registry.npm.taobao.org/http-signature/download/http-signature-1.2.0.tgz#9aecd925114772f3d95b65a60abb8f7c18fbace1"
    integrity sha1-muzZJRFHcvPZW2WmCruPfBj7rOE=
    dependencies:
      assert-plus "^1.0.0"
      jsprim "^1.2.2"
      sshpk "^1.7.0"
  
  iferr@^0.1.5, iferr@~0.1.5:
    version "0.1.5"
    resolved "https://registry.nlark.com/iferr/download/iferr-0.1.5.tgz#c60eed69e6d8fdb6b3104a1fcbca1c192dc5b501"
    integrity sha1-xg7taebY/bazEEofy8ocGS3FtQE=
  
  imurmurhash@*, imurmurhash@^0.1.4:
    version "0.1.4"
    resolved "https://registry.nlark.com/imurmurhash/download/imurmurhash-0.1.4.tgz#9218b9b2b928a238b13dc4fb6b6d576f231453ea"
    integrity sha1-khi5srkoojixPcT7a21XbyMUU+o=
  
  inflight@^1.0.4, inflight@~1.0.5:
    version "1.0.6"
    resolved "https://registry.npm.taobao.org/inflight/download/inflight-1.0.6.tgz#49bd6331d7d02d0c09bc910a1075ba8165b56df9"
    integrity sha1-Sb1jMdfQLQwJvJEKEHW6gWW1bfk=
    dependencies:
      once "^1.3.0"
      wrappy "1"
  
  inherits@2, inherits@^2.0.3, inherits@~2.0.0, inherits@~2.0.1, inherits@~2.0.3:
    version "2.0.4"
    resolved "https://registry.nlark.com/inherits/download/inherits-2.0.4.tgz#0fa2c64f932917c3433a0ded55363aae37416b7c"
    integrity sha1-D6LGT5MpF8NDOg3tVTY6rjdBa3w=
  
  ini@^1.1.0, ini@^1.3.4, ini@~1.3.4:
    version "1.3.8"
    resolved "https://registry.nlark.com/ini/download/ini-1.3.8.tgz#a29da425b48806f34767a4efce397269af28432c"
    integrity sha1-op2kJbSIBvNHZ6Tvzjlyaa8oQyw=
  
  init-package-json@~1.9.4:
    version "1.9.6"
    resolved "https://registry.nlark.com/init-package-json/download/init-package-json-1.9.6.tgz#789fc2b74466a4952b9ea77c0575bc78ebd60a61"
    integrity sha1-eJ/Ct0RmpJUrnqd8BXW8eOvWCmE=
    dependencies:
      glob "^7.1.1"
      npm-package-arg "^4.0.0 || ^5.0.0"
      promzard "^0.3.0"
      read "~1.0.1"
      read-package-json "1 || 2"
      semver "2.x || 3.x || 4 || 5"
      validate-npm-package-license "^3.0.1"
      validate-npm-package-name "^3.0.0"
  
  is-builtin-module@^1.0.0:
    version "1.0.0"
    resolved "https://registry.nlark.com/is-builtin-module/download/is-builtin-module-1.0.0.tgz?cache=0&sync_timestamp=1618995546759&other_urls=https%3A%2F%2Fregistry.nlark.com%2Fis-builtin-module%2Fdownload%2Fis-builtin-module-1.0.0.tgz#540572d34f7ac3119f8f76c30cbc1b1e037affbe"
    integrity sha1-VAVy0096wxGfj3bDDLwbHgN6/74=
    dependencies:
      builtin-modules "^1.0.0"
  
  is-core-module@^2.2.0:
    version "2.8.0"
    resolved "https://registry.npmmirror.com/is-core-module/download/is-core-module-2.8.0.tgz?cache=0&sync_timestamp=1634236731601&other_urls=https%3A%2F%2Fregistry.npmmirror.com%2Fis-core-module%2Fdownload%2Fis-core-module-2.8.0.tgz#0321336c3d0925e497fd97f5d95cb114a5ccd548"
    integrity sha1-AyEzbD0JJeSX/Zf12VyxFKXM1Ug=
    dependencies:
      has "^1.0.3"
  
  is-fullwidth-code-point@^1.0.0:
    version "1.0.0"
    resolved "https://registry.npm.taobao.org/is-fullwidth-code-point/download/is-fullwidth-code-point-1.0.0.tgz#ef9e31386f031a7f0d643af82fde50c457ef00cb"
    integrity sha1-754xOG8DGn8NZDr4L95QxFfvAMs=
    dependencies:
      number-is-nan "^1.0.0"
  
  is-fullwidth-code-point@^3.0.0:
    version "3.0.0"
    resolved "https://registry.npm.taobao.org/is-fullwidth-code-point/download/is-fullwidth-code-point-3.0.0.tgz#f116f8064fe90b3f7844a38997c0b75051269f1d"
    integrity sha1-8Rb4Bk/pCz94RKOJl8C3UFEmnx0=
  
  is-my-ip-valid@^1.0.0:
    version "1.0.0"
    resolved "https://registry.npm.taobao.org/is-my-ip-valid/download/is-my-ip-valid-1.0.0.tgz#7b351b8e8edd4d3995d4d066680e664d94696824"
    integrity sha1-ezUbjo7dTTmV1NBmaA5mTZRpaCQ=
  
  is-my-json-valid@^2.12.4:
    version "2.20.5"
    resolved "https://registry.nlark.com/is-my-json-valid/download/is-my-json-valid-2.20.5.tgz#5eca6a8232a687f68869b7361be1612e7512e5df"
    integrity sha1-XspqgjKmh/aIabc2G+FhLnUS5d8=
    dependencies:
      generate-function "^2.0.0"
      generate-object-property "^1.1.0"
      is-my-ip-valid "^1.0.0"
      jsonpointer "^4.0.0"
      xtend "^4.0.0"
  
  is-property@^1.0.0, is-property@^1.0.2:
    version "1.0.2"
    resolved "https://registry.npm.taobao.org/is-property/download/is-property-1.0.2.tgz#57fe1c4e48474edd65b09911f26b1cd4095dda84"
    integrity sha1-V/4cTkhHTt1lsJkR8msc1Ald2oQ=
  
  is-typedarray@~1.0.0:
    version "1.0.0"
    resolved "https://registry.npm.taobao.org/is-typedarray/download/is-typedarray-1.0.0.tgz#e479c80858df0c1b11ddda6940f96011fcda4a9a"
    integrity sha1-5HnICFjfDBsR3dppQPlgEfzaSpo=
  
  isarray@~1.0.0:
    version "1.0.0"
    resolved "https://registry.npm.taobao.org/isarray/download/isarray-1.0.0.tgz#bb935d48582cba168c06834957a54a3e07124f11"
    integrity sha1-u5NdSFgsuhaMBoNJV6VKPgcSTxE=
  
  isexe@^2.0.0:
    version "2.0.0"
    resolved "https://registry.nlark.com/isexe/download/isexe-2.0.0.tgz#e8fbf374dc556ff8947a10dcb0572d633f2cfa10"
    integrity sha1-6PvzdNxVb/iUehDcsFctYz8s+hA=
  
  isstream@~0.1.2:
    version "0.1.2"
    resolved "https://registry.nlark.com/isstream/download/isstream-0.1.2.tgz#47e63f7af55afa6f92e1500e690eb8b8529c099a"
    integrity sha1-R+Y/evVa+m+S4VAOaQ64uFKcCZo=
  
  jistype@0.0.3:
    version "0.0.3"
    resolved "https://registry.nlark.com/jistype/download/jistype-0.0.3.tgz#6560f6011d4a35d5ac0ff63d9c56eaaeffc95f34"
    integrity sha1-ZWD2AR1KNdWsD/Y9nFbqrv/JXzQ=
    dependencies:
      coffee-script "^1.7.1"
  
  jsbn@~0.1.0:
    version "0.1.1"
    resolved "https://registry.nlark.com/jsbn/download/jsbn-0.1.1.tgz#a5e654c2e5a2deb5f201d96cefbca80c0ef2f513"
    integrity sha1-peZUwuWi3rXyAdls77yoDA7y9RM=
  
  json-parse-better-errors@^1.0.1:
    version "1.0.2"
    resolved "https://registry.nlark.com/json-parse-better-errors/download/json-parse-better-errors-1.0.2.tgz#bb867cfb3450e69107c131d1c514bab3dc8bcaa9"
    integrity sha1-u4Z8+zRQ5pEHwTHRxRS6s9yLyqk=
  
  json-parse-even-better-errors@^2.3.0:
    version "2.3.1"
    resolved "https://registry.nlark.com/json-parse-even-better-errors/download/json-parse-even-better-errors-2.3.1.tgz#7c47805a94319928e05777405dc12e1f7a4ee02d"
    integrity sha1-fEeAWpQxmSjgV3dAXcEuH3pO4C0=
  
  json-schema-traverse@^0.4.1:
    version "0.4.1"
    resolved "https://registry.nlark.com/json-schema-traverse/download/json-schema-traverse-0.4.1.tgz#69f6a87d9513ab8bb8fe63bdb0979c448e684660"
    integrity sha1-afaofZUTq4u4/mO9sJecRI5oRmA=
  
  json-schema@0.2.3:
    version "0.2.3"
    resolved "https://registry.npm.taobao.org/json-schema/download/json-schema-0.2.3.tgz#b480c892e59a2f05954ce727bd3f2a4e882f9e13"
    integrity sha1-tIDIkuWaLwWVTOcnvT8qTogvnhM=
  
  json-stringify-safe@~5.0.1:
    version "5.0.1"
    resolved "https://registry.nlark.com/json-stringify-safe/download/json-stringify-safe-5.0.1.tgz#1296a2d58fd45f19a0f6ce01d65701e2c735b6eb"
    integrity sha1-Epai1Y/UXxmg9s4B1lcB4sc1tus=
  
  jsonpointer@^4.0.0:
    version "4.1.0"
    resolved "https://registry.npm.taobao.org/jsonpointer/download/jsonpointer-4.1.0.tgz#501fb89986a2389765ba09e6053299ceb4f2c2cc"
    integrity sha1-UB+4mYaiOJdlugnmBTKZzrTywsw=
  
  jsprim@^1.2.2:
    version "1.4.1"
    resolved "https://registry.npm.taobao.org/jsprim/download/jsprim-1.4.1.tgz#313e66bc1e5cc06e438bc1b7499c2e5c56acb6a2"
    integrity sha1-MT5mvB5cwG5Di8G3SZwuXFastqI=
    dependencies:
      assert-plus "1.0.0"
      extsprintf "1.3.0"
      json-schema "0.2.3"
      verror "1.10.0"
  
  lockfile@~1.0.2:
    version "1.0.4"
    resolved "https://registry.npm.taobao.org/lockfile/download/lockfile-1.0.4.tgz#07f819d25ae48f87e538e6578b6964a4981a5609"
    integrity sha1-B/gZ0lrkj4flOOZXi2lkpJgaVgk=
    dependencies:
      signal-exit "^3.0.2"
  
  lodash._baseindexof@*:
    version "3.1.0"
    resolved "https://registry.npm.taobao.org/lodash._baseindexof/download/lodash._baseindexof-3.1.0.tgz#fe52b53a1c6761e42618d654e4a25789ed61822c"
    integrity sha1-/lK1OhxnYeQmGNZU5KJXie1hgiw=
  
  lodash._baseuniq@~4.6.0:
    version "4.6.0"
    resolved "https://registry.npm.taobao.org/lodash._baseuniq/download/lodash._baseuniq-4.6.0.tgz#0ebb44e456814af7905c6212fa2c9b2d51b841e8"
    integrity sha1-DrtE5FaBSveQXGIS+iybLVG4Qeg=
    dependencies:
      lodash._createset "~4.0.0"
      lodash._root "~3.0.0"
  
  lodash._bindcallback@*:
    version "3.0.1"
    resolved "https://registry.nlark.com/lodash._bindcallback/download/lodash._bindcallback-3.0.1.tgz#e531c27644cf8b57a99e17ed95b35c748789392e"
    integrity sha1-5THCdkTPi1epnhftlbNcdIeJOS4=
  
  lodash._cacheindexof@*:
    version "3.0.2"
    resolved "https://registry.npm.taobao.org/lodash._cacheindexof/download/lodash._cacheindexof-3.0.2.tgz#3dc69ac82498d2ee5e3ce56091bafd2adc7bde92"
    integrity sha1-PcaayCSY0u5ePOVgkbr9Ktx73pI=
  
  lodash._createcache@*:
    version "3.1.2"
    resolved "https://registry.npm.taobao.org/lodash._createcache/download/lodash._createcache-3.1.2.tgz#56d6a064017625e79ebca6b8018e17440bdcf093"
    integrity sha1-VtagZAF2JeeevKa4AY4XRAvc8JM=
    dependencies:
      lodash._getnative "^3.0.0"
  
  lodash._createset@~4.0.0:
    version "4.0.3"
    resolved "https://registry.npm.taobao.org/lodash._createset/download/lodash._createset-4.0.3.tgz#0f4659fbb09d75194fa9e2b88a6644d363c9fe26"
    integrity sha1-D0ZZ+7CddRlPqeK4imZE02PJ/iY=
  
  lodash._getnative@*, lodash._getnative@^3.0.0:
    version "3.9.1"
    resolved "https://registry.npm.taobao.org/lodash._getnative/download/lodash._getnative-3.9.1.tgz#570bc7dede46d61cdcde687d65d3eecbaa3aaff5"
    integrity sha1-VwvH3t5G1hzc3mh9ZdPuy6o6r/U=
  
  lodash._root@~3.0.0:
    version "3.0.1"
    resolved "https://registry.npmmirror.com/lodash._root/download/lodash._root-3.0.1.tgz#fba1c4524c19ee9a5f8136b4609f017cf4ded692"
    integrity sha1-+6HEUkwZ7ppfgTa0YJ8BfPTe1pI=
  
  lodash.clonedeep@~4.5.0:
    version "4.5.0"
    resolved "https://registry.npm.taobao.org/lodash.clonedeep/download/lodash.clonedeep-4.5.0.tgz#e23f3f9c4f8fbdde872529c1071857a086e5ccef"
    integrity sha1-4j8/nE+Pvd6HJSnBBxhXoIblzO8=
  
  lodash.restparam@*:
    version "3.6.1"
    resolved "https://registry.npm.taobao.org/lodash.restparam/download/lodash.restparam-3.6.1.tgz#936a4e309ef330a7645ed4145986c85ae5b20805"
    integrity sha1-k2pOMJ7zMKdkXtQUWYbIWuWyCAU=
  
  lodash.union@~4.6.0:
    version "4.6.0"
    resolved "https://registry.npm.taobao.org/lodash.union/download/lodash.union-4.6.0.tgz#48bb5088409f16f1821666641c44dd1aaae3cd88"
    integrity sha1-SLtQiECfFvGCFmZkHETdGqrjzYg=
  
  lodash.uniq@~4.5.0:
    version "4.5.0"
    resolved "https://registry.nlark.com/lodash.uniq/download/lodash.uniq-4.5.0.tgz#d0225373aeb652adc1bc82e4945339a842754773"
    integrity sha1-0CJTc662Uq3BvILklFM5qEJ1R3M=
  
  lodash.without@~4.4.0:
    version "4.4.0"
    resolved "https://registry.nlark.com/lodash.without/download/lodash.without-4.4.0.tgz#3cd4574a00b67bae373a94b748772640507b7aac"
    integrity sha1-PNRXSgC2e643OpS3SHcmQFB7eqw=
  
  mime-db@1.50.0:
    version "1.50.0"
    resolved "https://registry.nlark.com/mime-db/download/mime-db-1.50.0.tgz?cache=0&sync_timestamp=1631863109039&other_urls=https%3A%2F%2Fregistry.nlark.com%2Fmime-db%2Fdownload%2Fmime-db-1.50.0.tgz#abd4ac94e98d3c0e185016c67ab45d5fde40c11f"
    integrity sha1-q9SslOmNPA4YUBbGerRdX95AwR8=
  
  mime-types@^2.1.11, mime-types@^2.1.12, mime-types@~2.1.19, mime-types@~2.1.7:
    version "2.1.33"
    resolved "https://registry.npmmirror.com/mime-types/download/mime-types-2.1.33.tgz?cache=0&sync_timestamp=1633108207787&other_urls=https%3A%2F%2Fregistry.npmmirror.com%2Fmime-types%2Fdownload%2Fmime-types-2.1.33.tgz#1fa12a904472fafd068e48d9e8401f74d3f70edb"
    integrity sha1-H6EqkERy+v0GjkjZ6EAfdNP3Dts=
    dependencies:
      mime-db "1.50.0"
  
  minimatch@^3.0.0, minimatch@^3.0.2, minimatch@^3.0.4:
    version "3.0.4"
    resolved "https://registry.nlark.com/minimatch/download/minimatch-3.0.4.tgz?cache=0&sync_timestamp=1618846754554&other_urls=https%3A%2F%2Fregistry.nlark.com%2Fminimatch%2Fdownload%2Fminimatch-3.0.4.tgz#5166e286457f03306064be5497e8dbb0c3d32083"
    integrity sha1-UWbihkV/AzBgZL5Ul+jbsMPTIIM=
    dependencies:
      brace-expansion "^1.1.7"
  
  minimist@^1.2.5:
    version "1.2.5"
    resolved "https://registry.nlark.com/minimist/download/minimist-1.2.5.tgz?cache=0&sync_timestamp=1618847017774&other_urls=https%3A%2F%2Fregistry.nlark.com%2Fminimist%2Fdownload%2Fminimist-1.2.5.tgz#67d66014b66a6a8aaa0c083c5fd58df4e4e97602"
    integrity sha1-Z9ZgFLZqaoqqDAg8X9WN9OTpdgI=
  
  "mkdirp@>=0.5 0", mkdirp@^0.5.0, mkdirp@~0.5.0, mkdirp@~0.5.1:
    version "0.5.5"
    resolved "https://registry.npm.taobao.org/mkdirp/download/mkdirp-0.5.5.tgz#d91cefd62d1436ca0f41620e251288d420099def"
    integrity sha1-2Rzv1i0UNsoPQWIOJRKI1CAJne8=
    dependencies:
      minimist "^1.2.5"
  
  mkdirp@~0.3.5:
    version "0.3.5"
    resolved "https://registry.npm.taobao.org/mkdirp/download/mkdirp-0.3.5.tgz#de3e5f8961c88c787ee1368df849ac4413eca8d7"
    integrity sha1-3j5fiWHIjHh+4TaN+EmsRBPsqNc=
  
  ms@2.0.0:
    version "2.0.0"
    resolved "https://registry.npmmirror.com/ms/download/ms-2.0.0.tgz#5608aeadfc00be6c2901df5f9861788de0d597c8"
    integrity sha1-VgiurfwAvmwpAd9fmGF4jeDVl8g=
  
  mute-stream@~0.0.4:
    version "0.0.8"
    resolved "https://registry.nlark.com/mute-stream/download/mute-stream-0.0.8.tgz#1630c42b2251ff81e2a283de96a5497ea92e5e0d"
    integrity sha1-FjDEKyJR/4HiooPelqVJfqkuXg0=
  
  next-tick@~1.0.0:
    version "1.0.0"
    resolved "https://registry.nlark.com/next-tick/download/next-tick-1.0.0.tgz#ca86d1fe8828169b0120208e3dc8424b9db8342c"
    integrity sha1-yobR/ogoFpsBICCOPchCS524NCw=
  
  node-echo@^0.1.1:
    version "0.1.1"
    resolved "https://registry.npm.taobao.org/node-echo/download/node-echo-0.1.1.tgz#49e2ef18214f51cdadacee39f344002f676851de"
    integrity sha1-SeLvGCFPUc2trO4580QAL2doUd4=
    dependencies:
      coffee-script "~1.7.1"
      jistype "0.0.3"
      mkdirp "~0.3.5"
  
  node-gyp@~3.4.0:
    version "3.4.0"
    resolved "https://registry.npmmirror.com/node-gyp/download/node-gyp-3.4.0.tgz#dda558393b3ecbbe24c9e6b8703c71194c63fa36"
    integrity sha1-3aVYOTs+y74kyea4cDxxGUxj+jY=
    dependencies:
      fstream "^1.0.0"
      glob "^7.0.3"
      graceful-fs "^4.1.2"
      minimatch "^3.0.2"
      mkdirp "^0.5.0"
      nopt "2 || 3"
      npmlog "0 || 1 || 2 || 3"
      osenv "0"
      path-array "^1.0.0"
      request "2"
      rimraf "2"
      semver "2.x || 3.x || 4 || 5"
      tar "^2.0.0"
      which "1"
  
  node-uuid@~1.4.7:
    version "1.4.8"
    resolved "https://registry.nlark.com/node-uuid/download/node-uuid-1.4.8.tgz?cache=0&sync_timestamp=1622606389071&other_urls=https%3A%2F%2Fregistry.nlark.com%2Fnode-uuid%2Fdownload%2Fnode-uuid-1.4.8.tgz#b040eb0923968afabf8d32fb1f17f1167fdab907"
    integrity sha1-sEDrCSOWivq/jTL7HxfxFn/auQc=
  
  "nopt@2 || 3", nopt@~3.0.6:
    version "3.0.6"
    resolved "https://registry.npm.taobao.org/nopt/download/nopt-3.0.6.tgz#c6465dbf08abcd4db359317f79ac68a646b28ff9"
    integrity sha1-xkZdvwirzU2zWTF/eaxopkayj/k=
    dependencies:
      abbrev "1"
  
  normalize-git-url@~3.0.2:
    version "3.0.2"
    resolved "https://registry.nlark.com/normalize-git-url/download/normalize-git-url-3.0.2.tgz#8e5f14be0bdaedb73e07200310aa416c27350fc4"
    integrity sha1-jl8Uvgva7bc+ByADEKpBbCc1D8Q=
  
  normalize-package-data@^2.0.0, "normalize-package-data@~1.0.1 || ^2.0.0":
    version "2.5.0"
    resolved "https://registry.nlark.com/normalize-package-data/download/normalize-package-data-2.5.0.tgz?cache=0&sync_timestamp=1629301872905&other_urls=https%3A%2F%2Fregistry.nlark.com%2Fnormalize-package-data%2Fdownload%2Fnormalize-package-data-2.5.0.tgz#e66db1838b200c1dfc233225d12cb36520e234a8"
    integrity sha1-5m2xg4sgDB38IzIl0SyzZSDiNKg=
    dependencies:
      hosted-git-info "^2.1.4"
      resolve "^1.10.0"
      semver "2 || 3 || 4 || 5"
      validate-npm-package-license "^3.0.1"
  
  normalize-package-data@~2.3.5:
    version "2.3.8"
    resolved "https://registry.nlark.com/normalize-package-data/download/normalize-package-data-2.3.8.tgz?cache=0&sync_timestamp=1629301872905&other_urls=https%3A%2F%2Fregistry.nlark.com%2Fnormalize-package-data%2Fdownload%2Fnormalize-package-data-2.3.8.tgz#d819eda2a9dedbd1ffa563ea4071d936782295bb"
    integrity sha1-2Bntoqne29H/pWPqQHHZNngilbs=
    dependencies:
      hosted-git-info "^2.1.4"
      is-builtin-module "^1.0.0"
      semver "2 || 3 || 4 || 5"
      validate-npm-package-license "^3.0.1"
  
  npm-cache-filename@~1.0.2:
    version "1.0.2"
    resolved "https://registry.npm.taobao.org/npm-cache-filename/download/npm-cache-filename-1.0.2.tgz#ded306c5b0bfc870a9e9faf823bc5f283e05ae11"
    integrity sha1-3tMGxbC/yHCp6fr4I7xfKD4FrhE=
  
  npm-install-checks@~3.0.0:
    version "3.0.2"
    resolved "https://registry.npm.taobao.org/npm-install-checks/download/npm-install-checks-3.0.2.tgz#ab2e32ad27baa46720706908e5b14c1852de44d9"
    integrity sha1-qy4yrSe6pGcgcGkI5bFMGFLeRNk=
    dependencies:
      semver "^2.3.0 || 3.x || 4 || 5"
  
  npm-normalize-package-bin@^1.0.0:
    version "1.0.1"
    resolved "https://registry.npm.taobao.org/npm-normalize-package-bin/download/npm-normalize-package-bin-1.0.1.tgz#6e79a41f23fd235c0623218228da7d9c23b8f6e2"
    integrity sha1-bnmkHyP9I1wGIyGCKNp9nCO49uI=
  
  "npm-package-arg@^3.0.0 || ^4.0.0", npm-package-arg@^4.1.1, npm-package-arg@~4.2.0:
    version "4.2.1"
    resolved "https://registry.nlark.com/npm-package-arg/download/npm-package-arg-4.2.1.tgz?cache=0&sync_timestamp=1623784532045&other_urls=https%3A%2F%2Fregistry.nlark.com%2Fnpm-package-arg%2Fdownload%2Fnpm-package-arg-4.2.1.tgz#593303fdea85f7c422775f17f9eb7670f680e3ec"
    integrity sha1-WTMD/eqF98Qid18X+et2cPaA4+w=
    dependencies:
      hosted-git-info "^2.1.5"
      semver "^5.1.0"
  
  "npm-package-arg@^4.0.0 || ^5.0.0":
    version "5.1.2"
    resolved "https://registry.nlark.com/npm-package-arg/download/npm-package-arg-5.1.2.tgz?cache=0&sync_timestamp=1623784532045&other_urls=https%3A%2F%2Fregistry.nlark.com%2Fnpm-package-arg%2Fdownload%2Fnpm-package-arg-5.1.2.tgz#fb18d17bb61e60900d6312619919bd753755ab37"
    integrity sha1-+xjRe7YeYJANYxJhmRm9dTdVqzc=
    dependencies:
      hosted-git-info "^2.4.2"
      osenv "^0.1.4"
      semver "^5.1.0"
      validate-npm-package-name "^3.0.0"
  
  npm-registry-client@~7.2.1:
    version "7.2.1"
    resolved "https://registry.npm.taobao.org/npm-registry-client/download/npm-registry-client-7.2.1.tgz#c792266b088cc313f8525e7e35248626c723db75"
    integrity sha1-x5ImawiMwxP4Ul5+NSSGJscj23U=
    dependencies:
      concat-stream "^1.5.2"
      graceful-fs "^4.1.6"
      normalize-package-data "~1.0.1 || ^2.0.0"
      npm-package-arg "^3.0.0 || ^4.0.0"
      once "^1.3.3"
      request "^2.74.0"
      retry "^0.10.0"
      semver "2 >=2.2.1 || 3.x || 4 || 5"
      slide "^1.1.3"
    optionalDependencies:
      npmlog "~2.0.0 || ~3.1.0"
  
  npm-user-validate@~0.1.5:
    version "0.1.5"
    resolved "https://registry.npm.taobao.org/npm-user-validate/download/npm-user-validate-0.1.5.tgz#52465d50c2d20294a57125b996baedbf56c5004b"
    integrity sha1-UkZdUMLSApSlcSW5lrrtv1bFAEs=
  
  npm@^3.10.3:
    version "3.10.10"
    resolved "https://registry.npmmirror.com/npm/download/npm-3.10.10.tgz#5b1d577e4c8869d6c8603bc89e9cd1637303e46e"
    integrity sha1-Wx1XfkyIadbIYDvInpzRY3MD5G4=
    dependencies:
      abbrev "~1.0.9"
      ansicolors "~0.3.2"
      ansistyles "~0.1.3"
      aproba "~1.0.4"
      archy "~1.0.0"
      asap "~2.0.5"
      chownr "~1.0.1"
      cmd-shim "~2.0.2"
      columnify "~1.5.4"
      config-chain "~1.1.11"
      dezalgo "~1.0.3"
      editor "~1.0.0"
      fs-vacuum "~1.2.9"
      fs-write-stream-atomic "~1.0.8"
      fstream "~1.0.10"
      fstream-npm "~1.2.0"
      glob "~7.1.0"
      graceful-fs "~4.1.9"
      has-unicode "~2.0.1"
      hosted-git-info "~2.1.5"
      iferr "~0.1.5"
      inflight "~1.0.5"
      inherits "~2.0.3"
      ini "~1.3.4"
      init-package-json "~1.9.4"
      lockfile "~1.0.2"
      lodash._baseuniq "~4.6.0"
      lodash.clonedeep "~4.5.0"
      lodash.union "~4.6.0"
      lodash.uniq "~4.5.0"
      lodash.without "~4.4.0"
      mkdirp "~0.5.1"
      node-gyp "~3.4.0"
      nopt "~3.0.6"
      normalize-git-url "~3.0.2"
      normalize-package-data "~2.3.5"
      npm-cache-filename "~1.0.2"
      npm-install-checks "~3.0.0"
      npm-package-arg "~4.2.0"
      npm-registry-client "~7.2.1"
      npm-user-validate "~0.1.5"
      npmlog "~4.0.0"
      once "~1.4.0"
      opener "~1.4.2"
      osenv "~0.1.3"
      path-is-inside "~1.0.2"
      read "~1.0.7"
      read-cmd-shim "~1.0.1"
      read-installed "~4.0.3"
      read-package-json "~2.0.4"
      read-package-tree "~5.1.5"
      readable-stream "~2.1.5"
      realize-package-specifier "~3.0.3"
      request "~2.75.0"
      retry "~0.10.0"
      rimraf "~2.5.4"
      semver "~5.3.0"
      sha "~2.0.1"
      slide "~1.1.6"
      sorted-object "~2.0.1"
      strip-ansi "~3.0.1"
      tar "~2.2.1"
      text-table "~0.2.0"
      uid-number "0.0.6"
      umask "~1.1.0"
      unique-filename "~1.1.0"
      unpipe "~1.0.0"
      validate-npm-package-name "~2.2.2"
      which "~1.2.11"
      wrappy "~1.0.2"
      write-file-atomic "~1.2.0"
  
  "npmlog@0 || 1 || 2 || 3", "npmlog@~2.0.0 || ~3.1.0":
    version "3.1.2"
    resolved "https://registry.nlark.com/npmlog/download/npmlog-3.1.2.tgz#2d46fa874337af9498a2f12bb43d8d0be4a36873"
    integrity sha1-LUb6h0M3r5SYovErtD2NC+SjaHM=
    dependencies:
      are-we-there-yet "~1.1.2"
      console-control-strings "~1.1.0"
      gauge "~2.6.0"
      set-blocking "~2.0.0"
  
  npmlog@~4.0.0:
    version "4.0.2"
    resolved "https://registry.nlark.com/npmlog/download/npmlog-4.0.2.tgz#d03950e0e78ce1527ba26d2a7592e9348ac3e75f"
    integrity sha1-0DlQ4OeM4VJ7om0qdZLpNIrD518=
    dependencies:
      are-we-there-yet "~1.1.2"
      console-control-strings "~1.1.0"
      gauge "~2.7.1"
      set-blocking "~2.0.0"
  
  number-is-nan@^1.0.0:
    version "1.0.1"
    resolved "https://registry.nlark.com/number-is-nan/download/number-is-nan-1.0.1.tgz#097b602b53422a522c1afb8790318336941a011d"
    integrity sha1-CXtgK1NCKlIsGvuHkDGDNpQaAR0=
  
  oauth-sign@~0.8.1:
    version "0.8.2"
    resolved "https://registry.nlark.com/oauth-sign/download/oauth-sign-0.8.2.tgz#46a6ab7f0aead8deae9ec0565780b7d4efeb9d43"
    integrity sha1-Rqarfwrq2N6unsBWV4C31O/rnUM=
  
  oauth-sign@~0.9.0:
    version "0.9.0"
    resolved "https://registry.nlark.com/oauth-sign/download/oauth-sign-0.9.0.tgz#47a7b016baa68b5fa0ecf3dee08a85c679ac6455"
    integrity sha1-R6ewFrqmi1+g7PPe4IqFxnmsZFU=
  
  object-assign@^4.1.0:
    version "4.1.1"
    resolved "https://registry.nlark.com/object-assign/download/object-assign-4.1.1.tgz?cache=0&sync_timestamp=1618847043548&other_urls=https%3A%2F%2Fregistry.nlark.com%2Fobject-assign%2Fdownload%2Fobject-assign-4.1.1.tgz#2109adc7965887cfc05cbbd442cac8bfbb360863"
    integrity sha1-IQmtx5ZYh8/AXLvUQsrIv7s2CGM=
  
  once@^1.3.0, once@^1.3.3, once@~1.4.0:
    version "1.4.0"
    resolved "https://registry.nlark.com/once/download/once-1.4.0.tgz#583b1aa775961d4b113ac17d9c50baef9dd76bd1"
    integrity sha1-WDsap3WWHUsROsF9nFC6753Xa9E=
    dependencies:
      wrappy "1"
  
  only@0.0.2:
    version "0.0.2"
    resolved "https://registry.npm.taobao.org/only/download/only-0.0.2.tgz#2afde84d03e50b9a8edc444e30610a70295edfb4"
    integrity sha1-Kv3oTQPlC5qO3EROMGEKcCle37Q=
  
  open@0.0.5:
    version "0.0.5"
    resolved "https://registry.npmmirror.com/open/download/open-0.0.5.tgz#42c3e18ec95466b6bf0dc42f3a2945c3f0cad8fc"
    integrity sha1-QsPhjslUZra/DcQvOilFw/DK2Pw=
  
  opener@~1.4.2:
    version "1.4.3"
    resolved "https://registry.nlark.com/opener/download/opener-1.4.3.tgz#5c6da2c5d7e5831e8ffa3964950f8d6674ac90b8"
    integrity sha1-XG2ixdflgx6P+jlklQ+NZnSskLg=
  
  os-homedir@^1.0.0:
    version "1.0.2"
    resolved "https://registry.npm.taobao.org/os-homedir/download/os-homedir-1.0.2.tgz#ffbc4988336e0e833de0c168c7ef152121aa7fb3"
    integrity sha1-/7xJiDNuDoM94MFox+8VISGqf7M=
  
  os-tmpdir@^1.0.0:
    version "1.0.2"
    resolved "https://registry.npm.taobao.org/os-tmpdir/download/os-tmpdir-1.0.2.tgz#bbe67406c79aa85c5cfec766fe5734555dfa1274"
    integrity sha1-u+Z0BseaqFxc/sdm/lc0VV36EnQ=
  
  osenv@0, osenv@^0.1.4, osenv@~0.1.3:
    version "0.1.5"
    resolved "https://registry.nlark.com/osenv/download/osenv-0.1.5.tgz#85cdfafaeb28e8677f416e287592b5f3f49ea410"
    integrity sha1-hc36+uso6Gd/QW4odZK18/SepBA=
    dependencies:
      os-homedir "^1.0.0"
      os-tmpdir "^1.0.0"
  
  path-array@^1.0.0:
    version "1.0.1"
    resolved "https://registry.npm.taobao.org/path-array/download/path-array-1.0.1.tgz#7e2f0f35f07a2015122b868b7eac0eb2c4fec271"
    integrity sha1-fi8PNfB6IBUSK4aLfqwOssT+wnE=
    dependencies:
      array-index "^1.0.0"
  
  path-is-absolute@^1.0.0:
    version "1.0.1"
    resolved "https://registry.nlark.com/path-is-absolute/download/path-is-absolute-1.0.1.tgz#174b9268735534ffbc7ace6bf53a5a9e1b5c5f5f"
    integrity sha1-F0uSaHNVNP+8es5r9TpanhtcX18=
  
  path-is-inside@^1.0.1, path-is-inside@~1.0.2:
    version "1.0.2"
    resolved "https://registry.nlark.com/path-is-inside/download/path-is-inside-1.0.2.tgz#365417dede44430d1c11af61027facf074bdfc53"
    integrity sha1-NlQX3t5EQw0cEa9hAn+s8HS9/FM=
  
  path-parse@^1.0.6:
    version "1.0.7"
    resolved "https://registry.nlark.com/path-parse/download/path-parse-1.0.7.tgz#fbc114b60ca42b30d9daf5858e4bd68bbedb6735"
    integrity sha1-+8EUtgykKzDZ2vWFjkvWi77bZzU=
  
  performance-now@^2.1.0:
    version "2.1.0"
    resolved "https://registry.nlark.com/performance-now/download/performance-now-2.1.0.tgz#6309f4e0e5fa913ec1c69307ae364b4b377c9e7b"
    integrity sha1-Ywn04OX6kT7BxpMHrjZLSzd8nns=
  
  pinkie-promise@^2.0.0:
    version "2.0.1"
    resolved "https://registry.nlark.com/pinkie-promise/download/pinkie-promise-2.0.1.tgz?cache=0&sync_timestamp=1618847023792&other_urls=https%3A%2F%2Fregistry.nlark.com%2Fpinkie-promise%2Fdownload%2Fpinkie-promise-2.0.1.tgz#2135d6dfa7a358c069ac9b178776288228450ffa"
    integrity sha1-ITXW36ejWMBprJsXh3YogihFD/o=
    dependencies:
      pinkie "^2.0.0"
  
  pinkie@^2.0.0:
    version "2.0.4"
    resolved "https://registry.nlark.com/pinkie/download/pinkie-2.0.4.tgz#72556b80cfa0d48a974e80e77248e80ed4f7f870"
    integrity sha1-clVrgM+g1IqXToDnckjoDtT3+HA=
  
  process-nextick-args@~1.0.6:
    version "1.0.7"
    resolved "https://registry.npm.taobao.org/process-nextick-args/download/process-nextick-args-1.0.7.tgz#150e20b756590ad3f91093f25a4f2ad8bff30ba3"
    integrity sha1-FQ4gt1ZZCtP5EJPyWk8q2L/zC6M=
  
  process-nextick-args@~2.0.0:
    version "2.0.1"
    resolved "https://registry.npm.taobao.org/process-nextick-args/download/process-nextick-args-2.0.1.tgz#7820d9b16120cc55ca9ae7792680ae7dba6d7fe2"
    integrity sha1-eCDZsWEgzFXKmud5JoCufbptf+I=
  
  promzard@^0.3.0:
    version "0.3.0"
    resolved "https://registry.npm.taobao.org/promzard/download/promzard-0.3.0.tgz#26a5d6ee8c7dee4cb12208305acfb93ba382a9ee"
    integrity sha1-JqXW7ox97kyxIggwWs+5O6OCqe4=
    dependencies:
      read "1"
  
  proto-list@~1.2.1:
    version "1.2.4"
    resolved "https://registry.nlark.com/proto-list/download/proto-list-1.2.4.tgz#212d5bfe1318306a420f6402b8e26ff39647a849"
    integrity sha1-IS1b/hMYMGpCD2QCuOJv85ZHqEk=
  
  psl@^1.1.28:
    version "1.8.0"
    resolved "https://registry.npm.taobao.org/psl/download/psl-1.8.0.tgz#9326f8bcfb013adcc005fdff056acce020e51c24"
    integrity sha1-kyb4vPsBOtzABf3/BWrM4CDlHCQ=
  
  punycode@^1.4.1:
    version "1.4.1"
    resolved "https://registry.nlark.com/punycode/download/punycode-1.4.1.tgz#c0d5a63b2718800ad8e1eb0fa5269c84dd41845e"
    integrity sha1-wNWmOycYgArY4esPpSachN1BhF4=
  
  punycode@^2.1.0, punycode@^2.1.1:
    version "2.1.1"
    resolved "https://registry.nlark.com/punycode/download/punycode-2.1.1.tgz#b58b010ac40c22c5657616c8d2c2c02c7bf479ec"
    integrity sha1-tYsBCsQMIsVldhbI0sLALHv0eew=
  
  qs@~6.2.0:
    version "6.2.3"
    resolved "https://registry.nlark.com/qs/download/qs-6.2.3.tgz#1cfcb25c10a9b2b483053ff39f5dfc9233908cfe"
    integrity sha1-HPyyXBCpsrSDBT/zn138kjOQjP4=
  
  qs@~6.5.2:
    version "6.5.2"
    resolved "https://registry.nlark.com/qs/download/qs-6.5.2.tgz#cb3ae806e8740444584ef154ce8ee98d403f3e36"
    integrity sha1-yzroBuh0BERYTvFUzo7pjUA/PjY=
  
  read-cmd-shim@~1.0.1:
    version "1.0.5"
    resolved "https://registry.npm.taobao.org/read-cmd-shim/download/read-cmd-shim-1.0.5.tgz#87e43eba50098ba5a32d0ceb583ab8e43b961c16"
    integrity sha1-h+Q+ulAJi6WjLQzrWDq45DuWHBY=
    dependencies:
      graceful-fs "^4.1.2"
  
  read-installed@~4.0.3:
    version "4.0.3"
    resolved "https://registry.npm.taobao.org/read-installed/download/read-installed-4.0.3.tgz#ff9b8b67f187d1e4c29b9feb31f6b223acd19067"
    integrity sha1-/5uLZ/GH0eTCm5/rMfayI6zRkGc=
    dependencies:
      debuglog "^1.0.1"
      read-package-json "^2.0.0"
      readdir-scoped-modules "^1.0.0"
      semver "2 || 3 || 4 || 5"
      slide "~1.1.3"
      util-extend "^1.0.1"
    optionalDependencies:
      graceful-fs "^4.1.2"
  
  "read-package-json@1 || 2", read-package-json@^2.0.0:
    version "2.1.2"
    resolved "https://registry.nlark.com/read-package-json/download/read-package-json-2.1.2.tgz#6992b2b66c7177259feb8eaac73c3acd28b9222a"
    integrity sha1-aZKytmxxdyWf646qxzw6zSi5Iio=
    dependencies:
      glob "^7.1.1"
      json-parse-even-better-errors "^2.3.0"
      normalize-package-data "^2.0.0"
      npm-normalize-package-bin "^1.0.0"
  
  read-package-json@~2.0.4:
    version "2.0.13"
    resolved "https://registry.nlark.com/read-package-json/download/read-package-json-2.0.13.tgz#2e82ebd9f613baa6d2ebe3aa72cefe3f68e41f4a"
    integrity sha1-LoLr2fYTuqbS6+Oqcs7+P2jkH0o=
    dependencies:
      glob "^7.1.1"
      json-parse-better-errors "^1.0.1"
      normalize-package-data "^2.0.0"
      slash "^1.0.0"
    optionalDependencies:
      graceful-fs "^4.1.2"
  
  read-package-tree@~5.1.5:
    version "5.1.6"
    resolved "https://registry.npm.taobao.org/read-package-tree/download/read-package-tree-5.1.6.tgz#4f03e83d0486856fb60d97c94882841c2a7b1b7a"
    integrity sha1-TwPoPQSGhW+2DZfJSIKEHCp7G3o=
    dependencies:
      debuglog "^1.0.1"
      dezalgo "^1.0.0"
      once "^1.3.0"
      read-package-json "^2.0.0"
      readdir-scoped-modules "^1.0.0"
  
  read@1, read@~1.0.1, read@~1.0.7:
    version "1.0.7"
    resolved "https://registry.nlark.com/read/download/read-1.0.7.tgz#b3da19bd052431a97671d44a42634adf710b40c4"
    integrity sha1-s9oZvQUkMal2cdRKQmNK33ELQMQ=
    dependencies:
      mute-stream "~0.0.4"
  
  "readable-stream@1 || 2", readable-stream@^2.0.2, readable-stream@^2.0.6, readable-stream@^2.2.2:
    version "2.3.7"
    resolved "https://registry.nlark.com/readable-stream/download/readable-stream-2.3.7.tgz#1eca1cf711aef814c04f62252a36a62f6cb23b57"
    integrity sha1-Hsoc9xGu+BTAT2IlKjamL2yyO1c=
    dependencies:
      core-util-is "~1.0.0"
      inherits "~2.0.3"
      isarray "~1.0.0"
      process-nextick-args "~2.0.0"
      safe-buffer "~5.1.1"
      string_decoder "~1.1.1"
      util-deprecate "~1.0.1"
  
  readable-stream@~2.0.5:
    version "2.0.6"
    resolved "https://registry.nlark.com/readable-stream/download/readable-stream-2.0.6.tgz#8f90341e68a53ccc928788dacfcd11b36eb9b78e"
    integrity sha1-j5A0HmilPMySh4jaz80Rs265t44=
    dependencies:
      core-util-is "~1.0.0"
      inherits "~2.0.1"
      isarray "~1.0.0"
      process-nextick-args "~1.0.6"
      string_decoder "~0.10.x"
      util-deprecate "~1.0.1"
  
  readable-stream@~2.1.5:
    version "2.1.5"
    resolved "https://registry.nlark.com/readable-stream/download/readable-stream-2.1.5.tgz#66fa8b720e1438b364681f2ad1a63c618448c9d0"
    integrity sha1-ZvqLcg4UOLNkaB8q0aY8YYRIydA=
    dependencies:
      buffer-shims "^1.0.0"
      core-util-is "~1.0.0"
      inherits "~2.0.1"
      isarray "~1.0.0"
      process-nextick-args "~1.0.6"
      string_decoder "~0.10.x"
      util-deprecate "~1.0.1"
  
  readdir-scoped-modules@*, readdir-scoped-modules@^1.0.0:
    version "1.1.0"
    resolved "https://registry.npm.taobao.org/readdir-scoped-modules/download/readdir-scoped-modules-1.1.0.tgz#8d45407b4f870a0dcaebc0e28670d18e74514309"
    integrity sha1-jUVAe0+HCg3K68DihnDRjnRRQwk=
    dependencies:
      debuglog "^1.0.1"
      dezalgo "^1.0.0"
      graceful-fs "^4.1.2"
      once "^1.3.0"
  
  realize-package-specifier@~3.0.3:
    version "3.0.3"
    resolved "https://registry.npm.taobao.org/realize-package-specifier/download/realize-package-specifier-3.0.3.tgz#d0def882952b8de3f67eba5e91199661271f41f4"
    integrity sha1-0N74gpUrjeP2frpekRmWYScfQfQ=
    dependencies:
      dezalgo "^1.0.1"
      npm-package-arg "^4.1.1"
  
  request@2, request@^2.72.0, request@^2.74.0:
    version "2.88.2"
    resolved "https://registry.nlark.com/request/download/request-2.88.2.tgz?cache=0&sync_timestamp=1618847094748&other_urls=https%3A%2F%2Fregistry.nlark.com%2Frequest%2Fdownload%2Frequest-2.88.2.tgz#d73c918731cb5a87da047e207234146f664d12b3"
    integrity sha1-1zyRhzHLWofaBH4gcjQUb2ZNErM=
    dependencies:
      aws-sign2 "~0.7.0"
      aws4 "^1.8.0"
      caseless "~0.12.0"
      combined-stream "~1.0.6"
      extend "~3.0.2"
      forever-agent "~0.6.1"
      form-data "~2.3.2"
      har-validator "~5.1.3"
      http-signature "~1.2.0"
      is-typedarray "~1.0.0"
      isstream "~0.1.2"
      json-stringify-safe "~5.0.1"
      mime-types "~2.1.19"
      oauth-sign "~0.9.0"
      performance-now "^2.1.0"
      qs "~6.5.2"
      safe-buffer "^5.1.2"
      tough-cookie "~2.5.0"
      tunnel-agent "^0.6.0"
      uuid "^3.3.2"
  
  request@~2.75.0:
    version "2.75.0"
    resolved "https://registry.nlark.com/request/download/request-2.75.0.tgz?cache=0&sync_timestamp=1618847094748&other_urls=https%3A%2F%2Fregistry.nlark.com%2Frequest%2Fdownload%2Frequest-2.75.0.tgz#d2b8268a286da13eaa5d01adf5d18cc90f657d93"
    integrity sha1-0rgmiihtoT6qXQGt9dGMyQ9lfZM=
    dependencies:
      aws-sign2 "~0.6.0"
      aws4 "^1.2.1"
      bl "~1.1.2"
      caseless "~0.11.0"
      combined-stream "~1.0.5"
      extend "~3.0.0"
      forever-agent "~0.6.1"
      form-data "~2.0.0"
      har-validator "~2.0.6"
      hawk "~3.1.3"
      http-signature "~1.1.0"
      is-typedarray "~1.0.0"
      isstream "~0.1.2"
      json-stringify-safe "~5.0.1"
      mime-types "~2.1.7"
      node-uuid "~1.4.7"
      oauth-sign "~0.8.1"
      qs "~6.2.0"
      stringstream "~0.0.4"
      tough-cookie "~2.3.0"
      tunnel-agent "~0.4.1"
  
  resolve@^1.10.0:
    version "1.20.0"
    resolved "https://registry.nlark.com/resolve/download/resolve-1.20.0.tgz#629a013fb3f70755d6f0b7935cc1c2c5378b1975"
    integrity sha1-YpoBP7P3B1XW8LeTXMHCxTeLGXU=
    dependencies:
      is-core-module "^2.2.0"
      path-parse "^1.0.6"
  
  retry@^0.10.0, retry@~0.10.0:
    version "0.10.1"
    resolved "https://registry.nlark.com/retry/download/retry-0.10.1.tgz#e76388d217992c252750241d3d3956fed98d8ff4"
    integrity sha1-52OI0heZLCUnUCQdPTlW/tmNj/Q=
  
  rimraf@2, rimraf@^2.5.2:
    version "2.7.1"
    resolved "https://registry.npm.taobao.org/rimraf/download/rimraf-2.7.1.tgz#35797f13a7fdadc566142c29d4f07ccad483e3ec"
    integrity sha1-NXl/E6f9rcVmFCwp1PB8ytSD4+w=
    dependencies:
      glob "^7.1.3"
  
  rimraf@~2.5.4:
    version "2.5.4"
    resolved "https://registry.npm.taobao.org/rimraf/download/rimraf-2.5.4.tgz#96800093cbf1a0c86bd95b4625467535c29dfa04"
    integrity sha1-loAAk8vxoMhr2VtGJUZ1NcKd+gQ=
    dependencies:
      glob "^7.0.5"
  
  safe-buffer@^5.0.1, safe-buffer@^5.1.2:
    version "5.2.1"
    resolved "https://registry.nlark.com/safe-buffer/download/safe-buffer-5.2.1.tgz?cache=0&sync_timestamp=1618847044058&other_urls=https%3A%2F%2Fregistry.nlark.com%2Fsafe-buffer%2Fdownload%2Fsafe-buffer-5.2.1.tgz#1eaf9fa9bdb1fdd4ec75f58f9cdb4e6b7827eec6"
    integrity sha1-Hq+fqb2x/dTsdfWPnNtOa3gn7sY=
  
  safe-buffer@~5.1.0, safe-buffer@~5.1.1:
    version "5.1.2"
    resolved "https://registry.nlark.com/safe-buffer/download/safe-buffer-5.1.2.tgz?cache=0&sync_timestamp=1618847044058&other_urls=https%3A%2F%2Fregistry.nlark.com%2Fsafe-buffer%2Fdownload%2Fsafe-buffer-5.1.2.tgz#991ec69d296e0313747d59bdfd2b745c35f8828d"
    integrity sha1-mR7GnSluAxN0fVm9/St0XDX4go0=
  
  safer-buffer@^2.0.2, safer-buffer@^2.1.0, safer-buffer@~2.1.0:
    version "2.1.2"
    resolved "https://registry.nlark.com/safer-buffer/download/safer-buffer-2.1.2.tgz#44fa161b0187b9549dd84bb91802f9bd8385cd6a"
    integrity sha1-RPoWGwGHuVSd2Eu5GAL5vYOFzWo=
  
  "semver@2 >=2.2.1 || 3.x || 4 || 5", "semver@2 || 3 || 4 || 5", "semver@2.x || 3.x || 4 || 5", "semver@^2.3.0 || 3.x || 4 || 5", semver@^5.1.0:
    version "5.7.1"
    resolved "https://registry.npm.taobao.org/semver/download/semver-5.7.1.tgz#a954f931aeba508d307bbf069eff0c01c96116f7"
    integrity sha1-qVT5Ma66UI0we78Gnv8MAclhFvc=
  
  semver@~5.3.0:
    version "5.3.0"
    resolved "https://registry.npm.taobao.org/semver/download/semver-5.3.0.tgz#9b2ce5d3de02d17c6012ad326aa6b4d0cf54f94f"
    integrity sha1-myzl094C0XxgEq0yaqa00M9U+U8=
  
  set-blocking@~2.0.0:
    version "2.0.0"
    resolved "https://registry.npmmirror.com/set-blocking/download/set-blocking-2.0.0.tgz#045f9782d011ae9a6803ddd382b24392b3d890f7"
    integrity sha1-BF+XgtARrppoA93TgrJDkrPYkPc=
  
  sha@~2.0.1:
    version "2.0.1"
    resolved "https://registry.npm.taobao.org/sha/download/sha-2.0.1.tgz#6030822fbd2c9823949f8f72ed6411ee5cf25aae"
    integrity sha1-YDCCL70smCOUn49y7WQR7lzyWq4=
    dependencies:
      graceful-fs "^4.1.2"
      readable-stream "^2.0.2"
  
  signal-exit@^3.0.0, signal-exit@^3.0.2:
    version "3.0.5"
    resolved "https://registry.npmmirror.com/signal-exit/download/signal-exit-3.0.5.tgz#9e3e8cc0c75a99472b44321033a7702e7738252f"
    integrity sha1-nj6MwMdamUcrRDIQM6dwLnc4JS8=
  
  slash@^1.0.0:
    version "1.0.0"
    resolved "https://registry.nlark.com/slash/download/slash-1.0.0.tgz#c41f2f6c39fc16d1cd17ad4b5d896114ae470d55"
    integrity sha1-xB8vbDn8FtHNF61LXYlhFK5HDVU=
  
  slide@^1.1.3, slide@^1.1.5, slide@~1.1.3, slide@~1.1.6:
    version "1.1.6"
    resolved "https://registry.npm.taobao.org/slide/download/slide-1.1.6.tgz#56eb027d65b4d2dce6cb2e2d32c4d4afc9e1d707"
    integrity sha1-VusCfWW00tzmyy4tMsTUr8nh1wc=
  
  sntp@1.x.x:
    version "1.0.9"
    resolved "https://registry.nlark.com/sntp/download/sntp-1.0.9.tgz#6541184cc90aeea6c6e7b35e2659082443c66198"
    integrity sha1-ZUEYTMkK7qbG57NeJlkIJEPGYZg=
    dependencies:
      hoek "2.x.x"
  
  sorted-object@~2.0.1:
    version "2.0.1"
    resolved "https://registry.npm.taobao.org/sorted-object/download/sorted-object-2.0.1.tgz#7d631f4bd3a798a24af1dffcfbfe83337a5df5fc"
    integrity sha1-fWMfS9OnmKJK8d/8+/6DM3pd9fw=
  
  spdx-correct@^3.0.0:
    version "3.1.1"
    resolved "https://registry.nlark.com/spdx-correct/download/spdx-correct-3.1.1.tgz#dece81ac9c1e6713e5f7d1b6f17d468fa53d89a9"
    integrity sha1-3s6BrJweZxPl99G28X1Gj6U9iak=
    dependencies:
      spdx-expression-parse "^3.0.0"
      spdx-license-ids "^3.0.0"
  
  spdx-exceptions@^2.1.0:
    version "2.3.0"
    resolved "https://registry.nlark.com/spdx-exceptions/download/spdx-exceptions-2.3.0.tgz#3f28ce1a77a00372683eade4a433183527a2163d"
    integrity sha1-PyjOGnegA3JoPq3kpDMYNSeiFj0=
  
  spdx-expression-parse@^3.0.0:
    version "3.0.1"
    resolved "https://registry.nlark.com/spdx-expression-parse/download/spdx-expression-parse-3.0.1.tgz#cf70f50482eefdc98e3ce0a6833e4a53ceeba679"
    integrity sha1-z3D1BILu/cmOPOCmgz5KU87rpnk=
    dependencies:
      spdx-exceptions "^2.1.0"
      spdx-license-ids "^3.0.0"
  
  spdx-license-ids@^3.0.0:
    version "3.0.10"
    resolved "https://registry.nlark.com/spdx-license-ids/download/spdx-license-ids-3.0.10.tgz?cache=0&other_urls=https%3A%2F%2Fregistry.nlark.com%2Fspdx-license-ids%2Fdownload%2Fspdx-license-ids-3.0.10.tgz#0d9becccde7003d6c658d487dd48a32f0bf3014b"
    integrity sha1-DZvszN5wA9bGWNSH3UijLwvzAUs=
  
  sshpk@^1.7.0:
    version "1.16.1"
    resolved "https://registry.nlark.com/sshpk/download/sshpk-1.16.1.tgz#fb661c0bef29b39db40769ee39fa70093d6f6877"
    integrity sha1-+2YcC+8ps520B2nuOfpwCT1vaHc=
    dependencies:
      asn1 "~0.2.3"
      assert-plus "^1.0.0"
      bcrypt-pbkdf "^1.0.0"
      dashdash "^1.12.0"
      ecc-jsbn "~0.1.1"
      getpass "^0.1.1"
      jsbn "~0.1.0"
      safer-buffer "^2.0.2"
      tweetnacl "~0.14.0"
  
  string-width@^1.0.1:
    version "1.0.2"
    resolved "https://registry.npmmirror.com/string-width/download/string-width-1.0.2.tgz#118bdf5b8cdc51a2a7e70d211e07e2b0b9b107d3"
    integrity sha1-EYvfW4zcUaKn5w0hHgfisLmxB9M=
    dependencies:
      code-point-at "^1.0.0"
      is-fullwidth-code-point "^1.0.0"
      strip-ansi "^3.0.0"
  
  "string-width@^1.0.2 || 2 || 3 || 4":
    version "4.2.3"
    resolved "https://registry.npmmirror.com/string-width/download/string-width-4.2.3.tgz#269c7117d27b05ad2e536830a8ec895ef9c6d010"
    integrity sha1-JpxxF9J7Ba0uU2gwqOyJXvnG0BA=
    dependencies:
      emoji-regex "^8.0.0"
      is-fullwidth-code-point "^3.0.0"
      strip-ansi "^6.0.1"
  
  string_decoder@~0.10.x:
    version "0.10.31"
    resolved "https://registry.nlark.com/string_decoder/download/string_decoder-0.10.31.tgz#62e203bc41766c6c28c9fc84301dab1c5310fa94"
    integrity sha1-YuIDvEF2bGwoyfyEMB2rHFMQ+pQ=
  
  string_decoder@~1.1.1:
    version "1.1.1"
    resolved "https://registry.nlark.com/string_decoder/download/string_decoder-1.1.1.tgz#9cf1611ba62685d7030ae9e4ba34149c3af03fc8"
    integrity sha1-nPFhG6YmhdcDCunkujQUnDrwP8g=
    dependencies:
      safe-buffer "~5.1.0"
  
  stringstream@~0.0.4:
    version "0.0.6"
    resolved "https://registry.nlark.com/stringstream/download/stringstream-0.0.6.tgz#7880225b0d4ad10e30927d167a1d6f2fd3b33a72"
    integrity sha1-eIAiWw1K0Q4wkn0Weh1vL9OzOnI=
  
  strip-ansi@^3.0.0, strip-ansi@^3.0.1, strip-ansi@~3.0.1:
    version "3.0.1"
    resolved "https://registry.npmmirror.com/strip-ansi/download/strip-ansi-3.0.1.tgz#6a385fb8853d952d5ff05d0e8aaf94278dc63dcf"
    integrity sha1-ajhfuIU9lS1f8F0Oiq+UJ43GPc8=
    dependencies:
      ansi-regex "^2.0.0"
  
  strip-ansi@^6.0.1:
    version "6.0.1"
    resolved "https://registry.npmmirror.com/strip-ansi/download/strip-ansi-6.0.1.tgz#9e26c63d30f53443e9489495b2105d37b67a85d9"
    integrity sha1-nibGPTD1NEPpSJSVshBdN7Z6hdk=
    dependencies:
      ansi-regex "^5.0.1"
  
  supports-color@^2.0.0:
    version "2.0.0"
    resolved "https://registry.nlark.com/supports-color/download/supports-color-2.0.0.tgz?cache=0&sync_timestamp=1626703342506&other_urls=https%3A%2F%2Fregistry.nlark.com%2Fsupports-color%2Fdownload%2Fsupports-color-2.0.0.tgz#535d045ce6b6363fa40117084629995e9df324c7"
    integrity sha1-U10EXOa2Nj+kARcIRimZXp3zJMc=
  
  tar@^2.0.0, tar@~2.2.1:
    version "2.2.2"
    resolved "https://registry.nlark.com/tar/download/tar-2.2.2.tgz#0ca8848562c7299b8b446ff6a4d60cdbb23edc40"
    integrity sha1-DKiEhWLHKZuLRG/2pNYM27I+3EA=
    dependencies:
      block-stream "*"
      fstream "^1.0.12"
      inherits "2"
  
  text-table@~0.2.0:
    version "0.2.0"
    resolved "https://registry.nlark.com/text-table/download/text-table-0.2.0.tgz?cache=0&sync_timestamp=1618847142316&other_urls=https%3A%2F%2Fregistry.nlark.com%2Ftext-table%2Fdownload%2Ftext-table-0.2.0.tgz#7f5ee823ae805207c00af2df4a84ec3fcfa570b4"
    integrity sha1-f17oI66AUgfACvLfSoTsP8+lcLQ=
  
  tough-cookie@~2.3.0:
    version "2.3.4"
    resolved "https://registry.npm.taobao.org/tough-cookie/download/tough-cookie-2.3.4.tgz#ec60cee38ac675063ffc97a5c18970578ee83655"
    integrity sha1-7GDO44rGdQY//JelwYlwV47oNlU=
    dependencies:
      punycode "^1.4.1"
  
  tough-cookie@~2.5.0:
    version "2.5.0"
    resolved "https://registry.npm.taobao.org/tough-cookie/download/tough-cookie-2.5.0.tgz#cd9fb2a0aa1d5a12b473bd9fb96fa3dcff65ade2"
    integrity sha1-zZ+yoKodWhK0c72fuW+j3P9lreI=
    dependencies:
      psl "^1.1.28"
      punycode "^2.1.1"
  
  tunnel-agent@^0.6.0:
    version "0.6.0"
    resolved "https://registry.nlark.com/tunnel-agent/download/tunnel-agent-0.6.0.tgz#27a5dea06b36b04a0a9966774b290868f0fc40fd"
    integrity sha1-J6XeoGs2sEoKmWZ3SykIaPD8QP0=
    dependencies:
      safe-buffer "^5.0.1"
  
  tunnel-agent@~0.4.1:
    version "0.4.3"
    resolved "https://registry.nlark.com/tunnel-agent/download/tunnel-agent-0.4.3.tgz#6373db76909fe570e08d73583365ed828a74eeeb"
    integrity sha1-Y3PbdpCf5XDgjXNYM2Xtgop07us=
  
  tweetnacl@^0.14.3, tweetnacl@~0.14.0:
    version "0.14.5"
    resolved "https://registry.npm.taobao.org/tweetnacl/download/tweetnacl-0.14.5.tgz#5ae68177f192d4456269d108afa93ff8743f4f64"
    integrity sha1-WuaBd/GS1EViadEIr6k/+HQ/T2Q=
  
  type@^1.0.1:
    version "1.2.0"
    resolved "https://registry.nlark.com/type/download/type-1.2.0.tgz#848dd7698dafa3e54a6c479e759c4bc3f18847a0"
    integrity sha1-hI3XaY2vo+VKbEeedZxLw/GIR6A=
  
  type@^2.5.0:
    version "2.5.0"
    resolved "https://registry.nlark.com/type/download/type-2.5.0.tgz#0a2e78c2e77907b252abe5f298c1b01c63f0db3d"
    integrity sha1-Ci54wud5B7JSq+XymMGwHGPw2z0=
  
  typedarray@^0.0.6:
    version "0.0.6"
    resolved "https://registry.npm.taobao.org/typedarray/download/typedarray-0.0.6.tgz#867ac74e3864187b1d3d47d996a78ec5c8830777"
    integrity sha1-hnrHTjhkGHsdPUfZlqeOxciDB3c=
  
  uid-number@0.0.6:
    version "0.0.6"
    resolved "https://registry.npm.taobao.org/uid-number/download/uid-number-0.0.6.tgz#0ea10e8035e8eb5b8e4449f06da1c730663baa81"
    integrity sha1-DqEOgDXo61uOREnwbaHHMGY7qoE=
  
  umask@~1.1.0:
    version "1.1.0"
    resolved "https://registry.npm.taobao.org/umask/download/umask-1.1.0.tgz#f29cebf01df517912bb58ff9c4e50fde8e33320d"
    integrity sha1-8pzr8B31F5ErtY/5xOUP3o4zMg0=
  
  unique-filename@~1.1.0:
    version "1.1.1"
    resolved "https://registry.nlark.com/unique-filename/download/unique-filename-1.1.1.tgz#1d69769369ada0583103a1e6ae87681b56573230"
    integrity sha1-HWl2k2mtoFgxA6HmrodoG1ZXMjA=
    dependencies:
      unique-slug "^2.0.0"
  
  unique-slug@^2.0.0:
    version "2.0.2"
    resolved "https://registry.nlark.com/unique-slug/download/unique-slug-2.0.2.tgz#baabce91083fc64e945b0f3ad613e264f7cd4e6c"
    integrity sha1-uqvOkQg/xk6UWw861hPiZPfNTmw=
    dependencies:
      imurmurhash "^0.1.4"
  
  unpipe@~1.0.0:
    version "1.0.0"
    resolved "https://registry.npm.taobao.org/unpipe/download/unpipe-1.0.0.tgz#b2bf4ee8514aae6165b4817829d21b2ef49904ec"
    integrity sha1-sr9O6FFKrmFltIF4KdIbLvSZBOw=
  
  uri-js@^4.2.2:
    version "4.4.1"
    resolved "https://registry.nlark.com/uri-js/download/uri-js-4.4.1.tgz#9b1a52595225859e55f669d928f88c6c57f2a77e"
    integrity sha1-mxpSWVIlhZ5V9mnZKPiMbFfyp34=
    dependencies:
      punycode "^2.1.0"
  
  util-deprecate@~1.0.1:
    version "1.0.2"
    resolved "https://registry.nlark.com/util-deprecate/download/util-deprecate-1.0.2.tgz#450d4dc9fa70de732762fbd2d4a28981419a0ccf"
    integrity sha1-RQ1Nyfpw3nMnYvvS1KKJgUGaDM8=
  
  util-extend@^1.0.1:
    version "1.0.3"
    resolved "https://registry.npm.taobao.org/util-extend/download/util-extend-1.0.3.tgz#a7c216d267545169637b3b6edc6ca9119e2ff93f"
    integrity sha1-p8IW0mdUUWljeztu3GypEZ4v+T8=
  
  uuid@^3.3.2:
    version "3.4.0"
    resolved "https://registry.nlark.com/uuid/download/uuid-3.4.0.tgz?cache=0&sync_timestamp=1622213136953&other_urls=https%3A%2F%2Fregistry.nlark.com%2Fuuid%2Fdownload%2Fuuid-3.4.0.tgz#b23e4358afa8a202fe7a100af1f5f883f02007ee"
    integrity sha1-sj5DWK+oogL+ehAK8fX4g/AgB+4=
  
  validate-npm-package-license@*, validate-npm-package-license@^3.0.1:
    version "3.0.4"
    resolved "https://registry.nlark.com/validate-npm-package-license/download/validate-npm-package-license-3.0.4.tgz#fc91f6b9c7ba15c857f4cb2c5defeec39d4f410a"
    integrity sha1-/JH2uce6FchX9MssXe/uw51PQQo=
    dependencies:
      spdx-correct "^3.0.0"
      spdx-expression-parse "^3.0.0"
  
  validate-npm-package-name@^3.0.0:
    version "3.0.0"
    resolved "https://registry.nlark.com/validate-npm-package-name/download/validate-npm-package-name-3.0.0.tgz#5fa912d81eb7d0c74afc140de7317f0ca7df437e"
    integrity sha1-X6kS2B630MdK/BQN5zF/DKffQ34=
    dependencies:
      builtins "^1.0.3"
  
  validate-npm-package-name@~2.2.2:
    version "2.2.2"
    resolved "https://registry.nlark.com/validate-npm-package-name/download/validate-npm-package-name-2.2.2.tgz#f65695b22f7324442019a3c7fa39a6e7fd299085"
    integrity sha1-9laVsi9zJEQgGaPH+jmm5/0pkIU=
    dependencies:
      builtins "0.0.7"
  
  verror@1.10.0:
    version "1.10.0"
    resolved "https://registry.nlark.com/verror/download/verror-1.10.0.tgz#3a105ca17053af55d6e270c1f8288682e18da400"
    integrity sha1-OhBcoXBTr1XW4nDB+CiGguGNpAA=
    dependencies:
      assert-plus "^1.0.0"
      core-util-is "1.0.2"
      extsprintf "^1.2.0"
  
  wcwidth@^1.0.0:
    version "1.0.1"
    resolved "https://registry.nlark.com/wcwidth/download/wcwidth-1.0.1.tgz#f0b0dcf915bc5ff1528afadb2c0e17b532da2fe8"
    integrity sha1-8LDc+RW8X/FSivrbLA4XtTLaL+g=
    dependencies:
      defaults "^1.0.3"
  
  which@1:
    version "1.3.1"
    resolved "https://registry.nlark.com/which/download/which-1.3.1.tgz#a45043d54f5805316da8d62f9f50918d3da70b0a"
    integrity sha1-pFBD1U9YBTFtqNYvn1CRjT2nCwo=
    dependencies:
      isexe "^2.0.0"
  
  which@~1.2.11:
    version "1.2.14"
    resolved "https://registry.nlark.com/which/download/which-1.2.14.tgz#9a87c4378f03e827cecaf1acdf56c736c01c14e5"
    integrity sha1-mofEN48D6CfOyvGs31bHNsAcFOU=
    dependencies:
      isexe "^2.0.0"
  
  wide-align@^1.1.0:
    version "1.1.5"
    resolved "https://registry.npmmirror.com/wide-align/download/wide-align-1.1.5.tgz?cache=0&sync_timestamp=1634307502489&other_urls=https%3A%2F%2Fregistry.npmmirror.com%2Fwide-align%2Fdownload%2Fwide-align-1.1.5.tgz#df1d4c206854369ecf3c9a4898f1b23fbd9d15d3"
    integrity sha1-3x1MIGhUNp7PPJpImPGyP72dFdM=
    dependencies:
      string-width "^1.0.2 || 2 || 3 || 4"
  
  wrappy@1, wrappy@~1.0.2:
    version "1.0.2"
    resolved "https://registry.nlark.com/wrappy/download/wrappy-1.0.2.tgz?cache=0&sync_timestamp=1619133505879&other_urls=https%3A%2F%2Fregistry.nlark.com%2Fwrappy%2Fdownload%2Fwrappy-1.0.2.tgz#b5243d8f3ec1aa35f1364605bc0d1036e30ab69f"
    integrity sha1-tSQ9jz7BqjXxNkYFvA0QNuMKtp8=
  
  write-file-atomic@~1.2.0:
    version "1.2.0"
    resolved "https://registry.nlark.com/write-file-atomic/download/write-file-atomic-1.2.0.tgz?cache=0&sync_timestamp=1618847057132&other_urls=https%3A%2F%2Fregistry.nlark.com%2Fwrite-file-atomic%2Fdownload%2Fwrite-file-atomic-1.2.0.tgz#14c66d4e4cb3ca0565c28cf3b7a6f3e4d5938fab"
    integrity sha1-FMZtTkyzygVlwozzt6bz5NWTj6s=
    dependencies:
      graceful-fs "^4.1.2"
      imurmurhash "^0.1.4"
      slide "^1.1.5"
  
  xtend@^4.0.0:
    version "4.0.2"
    resolved "https://registry.nlark.com/xtend/download/xtend-4.0.2.tgz#bb72779f5fa465186b1f438f674fa347fdb5db54"
    integrity sha1-u3J3n1+kZRhrH0OPZ0+jR/2121Q=
  
  yrm@^1.0.6:
    version "1.0.6"
    resolved "https://registry.npm.taobao.org/yrm/download/yrm-1.0.6.tgz#c12340d58cec5651b61b87f7776fee6a0eb28648"
    integrity sha1-wSNA1YzsVlG2G4f3d2/uag6yhkg=
    dependencies:
      async "^1.5.2"
      commander "^2.9.0"
      extend "^3.0.0"
      ini "^1.1.0"
      node-echo "^0.1.1"
      npm "^3.10.3"
      only "0.0.2"
      open "0.0.5"
      request "^2.72.0"
